\BOOKMARK [-1][]{part.1}{\376\377\000I\000\040\000F\000u\000n\000d\000a\000m\000e\000n\000t\000a\000l\000s}{}% 1
\BOOKMARK [0][]{chapter.1}{\376\377\0001\000\040\000I\000n\000t\000r\000o\000d\000u\000c\000t\000i\000o\000n\000\040\000t\000o\000\040\000O\000p\000e\000r\000a\000t\000i\000n\000g\000\040\000S\000y\000s\000t\000e\000m\000s}{part.1}% 2
\BOOKMARK [1][]{section.1.1}{\376\377\0001\000.\0001\000\040\000C\000h\000a\000p\000t\000e\000r\000\040\000O\000v\000e\000r\000v\000i\000e\000w}{chapter.1}% 3
\BOOKMARK [1][]{section.1.2}{\376\377\0001\000.\0002\000\040\000L\000e\000a\000r\000n\000i\000n\000g\000\040\000O\000b\000j\000e\000c\000t\000i\000v\000e\000s}{chapter.1}% 4
\BOOKMARK [1][]{section.1.3}{\376\377\0001\000.\0003\000\040\000W\000h\000a\000t\000\040\000i\000s\000\040\000a\000n\000\040\000O\000p\000e\000r\000a\000t\000i\000n\000g\000\040\000S\000y\000s\000t\000e\000m\000?}{chapter.1}% 5
\BOOKMARK [2][]{subsection.1.3.1}{\376\377\0001\000.\0003\000.\0001\000\040\000D\000e\000f\000i\000n\000i\000t\000i\000o\000n}{section.1.3}% 6
\BOOKMARK [2][]{subsection.1.3.2}{\376\377\0001\000.\0003\000.\0002\000\040\000S\000i\000m\000p\000l\000e\000\040\000A\000n\000a\000l\000o\000g\000y}{section.1.3}% 7
\BOOKMARK [2][]{subsection.1.3.3}{\376\377\0001\000.\0003\000.\0003\000\040\000E\000x\000a\000m\000p\000l\000e\000s\000\040\000o\000f\000\040\000O\000p\000e\000r\000a\000t\000i\000n\000g\000\040\000S\000y\000s\000t\000e\000m\000s}{section.1.3}% 8
\BOOKMARK [1][]{section.1.4}{\376\377\0001\000.\0004\000\040\000G\000o\000a\000l\000s\000\040\000o\000f\000\040\000a\000n\000\040\000O\000p\000e\000r\000a\000t\000i\000n\000g\000\040\000S\000y\000s\000t\000e\000m}{chapter.1}% 9
\BOOKMARK [2][]{subsection.1.4.1}{\376\377\0001\000.\0004\000.\0001\000\040\000C\000o\000n\000v\000e\000n\000i\000e\000n\000c\000e}{section.1.4}% 10
\BOOKMARK [2][]{subsection.1.4.2}{\376\377\0001\000.\0004\000.\0002\000\040\000E\000f\000f\000i\000c\000i\000e\000n\000c\000y}{section.1.4}% 11
\BOOKMARK [2][]{subsection.1.4.3}{\376\377\0001\000.\0004\000.\0003\000\040\000R\000e\000s\000o\000u\000r\000c\000e\000\040\000S\000h\000a\000r\000i\000n\000g}{section.1.4}% 12
\BOOKMARK [2][]{subsection.1.4.4}{\376\377\0001\000.\0004\000.\0004\000\040\000R\000e\000l\000i\000a\000b\000i\000l\000i\000t\000y}{section.1.4}% 13
\BOOKMARK [2][]{subsection.1.4.5}{\376\377\0001\000.\0004\000.\0005\000\040\000S\000e\000c\000u\000r\000i\000t\000y}{section.1.4}% 14
\BOOKMARK [2][]{subsection.1.4.6}{\376\377\0001\000.\0004\000.\0006\000\040\000S\000c\000a\000l\000a\000b\000i\000l\000i\000t\000y}{section.1.4}% 15
\BOOKMARK [1][]{section.1.5}{\376\377\0001\000.\0005\000\040\000E\000v\000o\000l\000u\000t\000i\000o\000n\000\040\000o\000f\000\040\000O\000p\000e\000r\000a\000t\000i\000n\000g\000\040\000S\000y\000s\000t\000e\000m\000s}{chapter.1}% 16
\BOOKMARK [1][]{section.1.6}{\376\377\0001\000.\0006\000\040\000B\000a\000t\000c\000h\000\040\000S\000y\000s\000t\000e\000m\000s}{chapter.1}% 17
\BOOKMARK [2][]{subsection.1.6.1}{\376\377\0001\000.\0006\000.\0001\000\040\000D\000e\000f\000i\000n\000i\000t\000i\000o\000n}{section.1.6}% 18
\BOOKMARK [2][]{subsection.1.6.2}{\376\377\0001\000.\0006\000.\0002\000\040\000W\000o\000r\000k\000i\000n\000g}{section.1.6}% 19
\BOOKMARK [2][]{subsection.1.6.3}{\376\377\0001\000.\0006\000.\0003\000\040\000A\000d\000v\000a\000n\000t\000a\000g\000e\000s}{section.1.6}% 20
\BOOKMARK [2][]{subsection.1.6.4}{\376\377\0001\000.\0006\000.\0004\000\040\000D\000i\000s\000a\000d\000v\000a\000n\000t\000a\000g\000e\000s}{section.1.6}% 21
\BOOKMARK [2][]{subsection.1.6.5}{\376\377\0001\000.\0006\000.\0005\000\040\000E\000x\000a\000m\000p\000l\000e}{section.1.6}% 22
\BOOKMARK [1][]{section.1.7}{\376\377\0001\000.\0007\000\040\000M\000u\000l\000t\000i\000p\000r\000o\000g\000r\000a\000m\000m\000i\000n\000g\000\040\000S\000y\000s\000t\000e\000m\000s}{chapter.1}% 23
\BOOKMARK [2][]{subsection.1.7.1}{\376\377\0001\000.\0007\000.\0001\000\040\000D\000e\000f\000i\000n\000i\000t\000i\000o\000n}{section.1.7}% 24
\BOOKMARK [2][]{subsection.1.7.2}{\376\377\0001\000.\0007\000.\0002\000\040\000G\000o\000a\000l}{section.1.7}% 25
\BOOKMARK [2][]{subsection.1.7.3}{\376\377\0001\000.\0007\000.\0003\000\040\000E\000x\000a\000m\000p\000l\000e}{section.1.7}% 26
\BOOKMARK [1][]{section.1.8}{\376\377\0001\000.\0008\000\040\000T\000i\000m\000e\000\040\000S\000h\000a\000r\000i\000n\000g\000\040\000S\000y\000s\000t\000e\000m\000s}{chapter.1}% 27
\BOOKMARK [2][]{subsection.1.8.1}{\376\377\0001\000.\0008\000.\0001\000\040\000D\000e\000f\000i\000n\000i\000t\000i\000o\000n}{section.1.8}% 28
\BOOKMARK [2][]{subsection.1.8.2}{\376\377\0001\000.\0008\000.\0002\000\040\000H\000o\000w\000\040\000I\000t\000\040\000W\000o\000r\000k\000s}{section.1.8}% 29
\BOOKMARK [2][]{subsection.1.8.3}{\376\377\0001\000.\0008\000.\0003\000\040\000A\000d\000v\000a\000n\000t\000a\000g\000e\000s}{section.1.8}% 30
\BOOKMARK [2][]{subsection.1.8.4}{\376\377\0001\000.\0008\000.\0004\000\040\000E\000x\000a\000m\000p\000l\000e\000s}{section.1.8}% 31
\BOOKMARK [1][]{section.1.9}{\376\377\0001\000.\0009\000\040\000D\000i\000s\000t\000r\000i\000b\000u\000t\000e\000d\000\040\000O\000p\000e\000r\000a\000t\000i\000n\000g\000\040\000S\000y\000s\000t\000e\000m\000s}{chapter.1}% 32
\BOOKMARK [2][]{subsection.1.9.1}{\376\377\0001\000.\0009\000.\0001\000\040\000D\000e\000f\000i\000n\000i\000t\000i\000o\000n}{section.1.9}% 33
\BOOKMARK [2][]{subsection.1.9.2}{\376\377\0001\000.\0009\000.\0002\000\040\000G\000o\000a\000l\000s}{section.1.9}% 34
\BOOKMARK [2][]{subsection.1.9.3}{\376\377\0001\000.\0009\000.\0003\000\040\000E\000x\000a\000m\000p\000l\000e\000s}{section.1.9}% 35
\BOOKMARK [1][]{section.1.10}{\376\377\0001\000.\0001\0000\000\040\000R\000e\000a\000l\000-\000T\000i\000m\000e\000\040\000O\000p\000e\000r\000a\000t\000i\000n\000g\000\040\000S\000y\000s\000t\000e\000m\000s}{chapter.1}% 36
\BOOKMARK [2][]{subsection.1.10.1}{\376\377\0001\000.\0001\0000\000.\0001\000\040\000D\000e\000f\000i\000n\000i\000t\000i\000o\000n}{section.1.10}% 37
\BOOKMARK [2][]{subsection.1.10.2}{\376\377\0001\000.\0001\0000\000.\0002\000\040\000T\000y\000p\000e\000s}{section.1.10}% 38
\BOOKMARK [2][]{subsection.1.10.3}{\376\377\0001\000.\0001\0000\000.\0003\000\040\000E\000x\000a\000m\000p\000l\000e\000s}{section.1.10}% 39
\BOOKMARK [1][]{section.1.11}{\376\377\0001\000.\0001\0001\000\040\000E\000m\000b\000e\000d\000d\000e\000d\000\040\000O\000p\000e\000r\000a\000t\000i\000n\000g\000\040\000S\000y\000s\000t\000e\000m\000s}{chapter.1}% 40
\BOOKMARK [2][]{subsection.1.11.1}{\376\377\0001\000.\0001\0001\000.\0001\000\040\000D\000e\000f\000i\000n\000i\000t\000i\000o\000n}{section.1.11}% 41
\BOOKMARK [2][]{subsection.1.11.2}{\376\377\0001\000.\0001\0001\000.\0002\000\040\000C\000h\000a\000r\000a\000c\000t\000e\000r\000i\000s\000t\000i\000c\000s}{section.1.11}% 42
\BOOKMARK [2][]{subsection.1.11.3}{\376\377\0001\000.\0001\0001\000.\0003\000\040\000E\000x\000a\000m\000p\000l\000e\000s}{section.1.11}% 43
\BOOKMARK [1][]{section.1.12}{\376\377\0001\000.\0001\0002\000\040\000C\000o\000m\000p\000o\000n\000e\000n\000t\000s\000\040\000o\000f\000\040\000a\000n\000\040\000O\000p\000e\000r\000a\000t\000i\000n\000g\000\040\000S\000y\000s\000t\000e\000m}{chapter.1}% 44
\BOOKMARK [1][]{section.1.13}{\376\377\0001\000.\0001\0003\000\040\000K\000e\000r\000n\000e\000l\000\040\000O\000v\000e\000r\000v\000i\000e\000w}{chapter.1}% 45
\BOOKMARK [2][]{subsection.1.13.1}{\376\377\0001\000.\0001\0003\000.\0001\000\040\000D\000e\000f\000i\000n\000i\000t\000i\000o\000n}{section.1.13}% 46
\BOOKMARK [2][]{subsection.1.13.2}{\376\377\0001\000.\0001\0003\000.\0002\000\040\000K\000e\000r\000n\000e\000l\000\040\000R\000e\000s\000p\000o\000n\000s\000i\000b\000i\000l\000i\000t\000i\000e\000s}{section.1.13}% 47
\BOOKMARK [2][]{subsection.1.13.3}{\376\377\0001\000.\0001\0003\000.\0003\000\040\000T\000y\000p\000e\000s\000\040\000o\000f\000\040\000K\000e\000r\000n\000e\000l\000s}{section.1.13}% 48
\BOOKMARK [2][]{subsection.1.13.4}{\376\377\0001\000.\0001\0003\000.\0004\000\040\000E\000x\000a\000m\000p\000l\000e\000s}{section.1.13}% 49
\BOOKMARK [1][]{section.1.14}{\376\377\0001\000.\0001\0004\000\040\000U\000s\000e\000r\000\040\000M\000o\000d\000e\000\040\000v\000s\000\040\000K\000e\000r\000n\000e\000l\000\040\000M\000o\000d\000e}{chapter.1}% 50
\BOOKMARK [1][]{section.1.15}{\376\377\0001\000.\0001\0005\000\040\000S\000y\000s\000t\000e\000m\000\040\000C\000a\000l\000l\000s}{chapter.1}% 51
\BOOKMARK [2][]{subsection.1.15.1}{\376\377\0001\000.\0001\0005\000.\0001\000\040\000E\000x\000a\000m\000p\000l\000e\000s}{section.1.15}% 52
\BOOKMARK [2][]{subsection.1.15.2}{\376\377\0001\000.\0001\0005\000.\0002\000\040\000F\000l\000o\000w}{section.1.15}% 53
\BOOKMARK [1][]{section.1.16}{\376\377\0001\000.\0001\0006\000\040\000B\000o\000o\000t\000\040\000P\000r\000o\000c\000e\000s\000s\000\040\000O\000v\000e\000r\000v\000i\000e\000w}{chapter.1}% 54
\BOOKMARK [1][]{section.1.17}{\376\377\0001\000.\0001\0007\000\040\000O\000p\000e\000r\000a\000t\000i\000n\000g\000\040\000S\000y\000s\000t\000e\000m\000\040\000S\000e\000r\000v\000i\000c\000e\000s}{chapter.1}% 55
\BOOKMARK [1][]{section.1.18}{\376\377\0001\000.\0001\0008\000\040\000W\000h\000y\000\040\000O\000p\000e\000r\000a\000t\000i\000n\000g\000\040\000S\000y\000s\000t\000e\000m\000s\000\040\000M\000a\000t\000t\000e\000r\000\040\000f\000o\000r\000\040\000S\000D\000E\000s}{chapter.1}% 56
\BOOKMARK [2][]{subsection.1.18.1}{\376\377\0001\000.\0001\0008\000.\0001\000\040\000I\000n\000t\000e\000r\000v\000i\000e\000w\000\040\000P\000e\000r\000s\000p\000e\000c\000t\000i\000v\000e}{section.1.18}% 57
\BOOKMARK [2][]{subsection.1.18.2}{\376\377\0001\000.\0001\0008\000.\0002\000\040\000R\000e\000a\000l\000-\000W\000o\000r\000l\000d\000\040\000E\000x\000a\000m\000p\000l\000e\000s}{section.1.18}% 58
\BOOKMARK [2][]{subsection.1.18.3}{\376\377\0001\000.\0001\0008\000.\0003\000\040\000I\000n\000t\000e\000r\000v\000i\000e\000w\000\040\000T\000i\000p}{section.1.18}% 59
\BOOKMARK [1][]{section.1.19}{\376\377\0001\000.\0001\0009\000\040\000K\000e\000y\000\040\000T\000a\000k\000e\000a\000w\000a\000y\000s}{chapter.1}% 60
\BOOKMARK [1][]{section.1.20}{\376\377\0001\000.\0002\0000\000\040\0001\0005\000\040\000I\000n\000t\000e\000r\000v\000i\000e\000w\000\040\000Q\000u\000e\000s\000t\000i\000o\000n\000s\000\040\000w\000i\000t\000h\000\040\000A\000n\000s\000w\000e\000r\000s}{chapter.1}% 61
\BOOKMARK [1][]{section.1.21}{\376\377\0001\000.\0002\0001\000\040\0001\0005\000\040\000M\000C\000Q\000s\000\040\000w\000i\000t\000h\000\040\000A\000n\000s\000w\000e\000r\000s}{chapter.1}% 62
\BOOKMARK [1][]{section.1.22}{\376\377\0001\000.\0002\0002\000\040\000R\000e\000v\000i\000s\000i\000o\000n\000\040\000N\000o\000t\000e\000s}{chapter.1}% 63
\BOOKMARK [1][]{section.1.23}{\376\377\0001\000.\0002\0003\000\040\000C\000h\000e\000a\000t\000\040\000S\000h\000e\000e\000t}{chapter.1}% 64
\BOOKMARK [0][]{chapter.2}{\376\377\0002\000\040\000C\000o\000m\000p\000u\000t\000e\000r\000\040\000S\000y\000s\000t\000e\000m\000\040\000A\000r\000c\000h\000i\000t\000e\000c\000t\000u\000r\000e}{part.1}% 65
\BOOKMARK [1][]{section.2.1}{\376\377\0002\000.\0001\000\040\000I\000n\000t\000r\000o\000d\000u\000c\000t\000i\000o\000n}{chapter.2}% 66
\BOOKMARK [1][]{section.2.2}{\376\377\0002\000.\0002\000\040\000C\000o\000m\000p\000u\000t\000e\000r\000\040\000S\000y\000s\000t\000e\000m\000\040\000O\000v\000e\000r\000v\000i\000e\000w}{chapter.2}% 67
\BOOKMARK [2][]{subsection.2.2.1}{\376\377\0002\000.\0002\000.\0001\000\040\000M\000a\000j\000o\000r\000\040\000C\000o\000m\000p\000o\000n\000e\000n\000t\000s}{section.2.2}% 68
\BOOKMARK [2][]{subsection.2.2.2}{\376\377\0002\000.\0002\000.\0002\000\040\000H\000i\000g\000h\000-\000L\000e\000v\000e\000l\000\040\000A\000r\000c\000h\000i\000t\000e\000c\000t\000u\000r\000e}{section.2.2}% 69
\BOOKMARK [2][]{subsection.2.2.3}{\376\377\0002\000.\0002\000.\0003\000\040\000V\000o\000n\000\040\000N\000e\000u\000m\000a\000n\000n\000\040\000A\000r\000c\000h\000i\000t\000e\000c\000t\000u\000r\000e}{section.2.2}% 70
\BOOKMARK [1][]{section.2.3}{\376\377\0002\000.\0003\000\040\000C\000P\000U\000\040\000A\000r\000c\000h\000i\000t\000e\000c\000t\000u\000r\000e}{chapter.2}% 71
\BOOKMARK [2][]{subsection.2.3.1}{\376\377\0002\000.\0003\000.\0001\000\040\000C\000P\000U\000\040\000C\000o\000m\000p\000o\000n\000e\000n\000t\000s}{section.2.3}% 72
\BOOKMARK [1][]{section.2.4}{\376\377\0002\000.\0004\000\040\000R\000e\000g\000i\000s\000t\000e\000r\000s}{chapter.2}% 73
\BOOKMARK [2][]{subsection.2.4.1}{\376\377\0002\000.\0004\000.\0001\000\040\000C\000h\000a\000r\000a\000c\000t\000e\000r\000i\000s\000t\000i\000c\000s}{section.2.4}% 74
\BOOKMARK [2][]{subsection.2.4.2}{\376\377\0002\000.\0004\000.\0002\000\040\000C\000o\000m\000m\000o\000n\000\040\000R\000e\000g\000i\000s\000t\000e\000r\000s}{section.2.4}% 75
\BOOKMARK [1][]{section.2.5}{\376\377\0002\000.\0005\000\040\000P\000r\000o\000g\000r\000a\000m\000\040\000C\000o\000u\000n\000t\000e\000r}{chapter.2}% 76
\BOOKMARK [2][]{subsection.2.5.1}{\376\377\0002\000.\0005\000.\0001\000\040\000O\000p\000e\000r\000a\000t\000i\000o\000n}{section.2.5}% 77
\BOOKMARK [2][]{subsection.2.5.2}{\376\377\0002\000.\0005\000.\0002\000\040\000E\000x\000a\000m\000p\000l\000e}{section.2.5}% 78
\BOOKMARK [1][]{section.2.6}{\376\377\0002\000.\0006\000\040\000S\000t\000a\000c\000k\000\040\000P\000o\000i\000n\000t\000e\000r}{chapter.2}% 79
\BOOKMARK [2][]{subsection.2.6.1}{\376\377\0002\000.\0006\000.\0001\000\040\000U\000s\000e\000s}{section.2.6}% 80
\BOOKMARK [2][]{subsection.2.6.2}{\376\377\0002\000.\0006\000.\0002\000\040\000S\000t\000a\000c\000k\000\040\000L\000a\000y\000o\000u\000t}{section.2.6}% 81
\BOOKMARK [1][]{section.2.7}{\376\377\0002\000.\0007\000\040\000M\000e\000m\000o\000r\000y\000\040\000H\000i\000e\000r\000a\000r\000c\000h\000y}{chapter.2}% 82
\BOOKMARK [2][]{subsection.2.7.1}{\376\377\0002\000.\0007\000.\0001\000\040\000H\000i\000e\000r\000a\000r\000c\000h\000y\000\040\000L\000e\000v\000e\000l\000s}{section.2.7}% 83
\BOOKMARK [2][]{subsection.2.7.2}{\376\377\0002\000.\0007\000.\0002\000\040\000H\000i\000e\000r\000a\000r\000c\000h\000y\000\040\000C\000o\000m\000p\000a\000r\000i\000s\000o\000n}{section.2.7}% 84
\BOOKMARK [1][]{section.2.8}{\376\377\0002\000.\0008\000\040\000I\000n\000s\000t\000r\000u\000c\000t\000i\000o\000n\000\040\000C\000y\000c\000l\000e}{chapter.2}% 85
\BOOKMARK [1][]{section.2.9}{\376\377\0002\000.\0009\000\040\000F\000e\000t\000c\000h\000\040\000D\000e\000c\000o\000d\000e\000\040\000E\000x\000e\000c\000u\000t\000e\000\040\000C\000y\000c\000l\000e}{chapter.2}% 86
\BOOKMARK [2][]{subsection.2.9.1}{\376\377\0002\000.\0009\000.\0001\000\040\000F\000e\000t\000c\000h}{section.2.9}% 87
\BOOKMARK [2][]{subsection.2.9.2}{\376\377\0002\000.\0009\000.\0002\000\040\000D\000e\000c\000o\000d\000e}{section.2.9}% 88
\BOOKMARK [2][]{subsection.2.9.3}{\376\377\0002\000.\0009\000.\0003\000\040\000E\000x\000e\000c\000u\000t\000e}{section.2.9}% 89
\BOOKMARK [1][]{section.2.10}{\376\377\0002\000.\0001\0000\000\040\000I\000n\000t\000e\000r\000r\000u\000p\000t\000s}{chapter.2}% 90
\BOOKMARK [2][]{subsection.2.10.1}{\376\377\0002\000.\0001\0000\000.\0001\000\040\000T\000y\000p\000e\000s}{section.2.10}% 91
\BOOKMARK [2][]{subsection.2.10.2}{\376\377\0002\000.\0001\0000\000.\0002\000\040\000I\000n\000t\000e\000r\000r\000u\000p\000t\000\040\000H\000a\000n\000d\000l\000i\000n\000g\000\040\000F\000l\000o\000w}{section.2.10}% 92
\BOOKMARK [1][]{section.2.11}{\376\377\0002\000.\0001\0001\000\040\000T\000r\000a\000p\000\040\000H\000a\000n\000d\000l\000i\000n\000g}{chapter.2}% 93
\BOOKMARK [2][]{subsection.2.11.1}{\376\377\0002\000.\0001\0001\000.\0001\000\040\000E\000x\000a\000m\000p\000l\000e\000s}{section.2.11}% 94
\BOOKMARK [2][]{subsection.2.11.2}{\376\377\0002\000.\0001\0001\000.\0002\000\040\000F\000l\000o\000w}{section.2.11}% 95
\BOOKMARK [1][]{section.2.12}{\376\377\0002\000.\0001\0002\000\040\000E\000x\000c\000e\000p\000t\000i\000o\000n\000s}{chapter.2}% 96
\BOOKMARK [2][]{subsection.2.12.1}{\376\377\0002\000.\0001\0002\000.\0001\000\040\000E\000x\000a\000m\000p\000l\000e\000s}{section.2.12}% 97
\BOOKMARK [2][]{subsection.2.12.2}{\376\377\0002\000.\0001\0002\000.\0002\000\040\000C\000l\000a\000s\000s\000i\000f\000i\000c\000a\000t\000i\000o\000n}{section.2.12}% 98
\BOOKMARK [1][]{section.2.13}{\376\377\0002\000.\0001\0003\000\040\000D\000M\000A}{chapter.2}% 99
\BOOKMARK [2][]{subsection.2.13.1}{\376\377\0002\000.\0001\0003\000.\0001\000\040\000A\000d\000v\000a\000n\000t\000a\000g\000e\000s}{section.2.13}% 100
\BOOKMARK [2][]{subsection.2.13.2}{\376\377\0002\000.\0001\0003\000.\0002\000\040\000D\000M\000A\000\040\000O\000p\000e\000r\000a\000t\000i\000o\000n}{section.2.13}% 101
\BOOKMARK [1][]{section.2.14}{\376\377\0002\000.\0001\0004\000\040\000C\000a\000c\000h\000e\000\040\000M\000e\000m\000o\000r\000y}{chapter.2}% 102
\BOOKMARK [2][]{subsection.2.14.1}{\376\377\0002\000.\0001\0004\000.\0001\000\040\000W\000h\000y\000\040\000C\000a\000c\000h\000e\000\040\000W\000o\000r\000k\000s}{section.2.14}% 103
\BOOKMARK [2][]{subsection.2.14.2}{\376\377\0002\000.\0001\0004\000.\0002\000\040\000C\000a\000c\000h\000e\000\040\000L\000e\000v\000e\000l\000s}{section.2.14}% 104
\BOOKMARK [2][]{subsection.2.14.3}{\376\377\0002\000.\0001\0004\000.\0003\000\040\000C\000a\000c\000h\000e\000\040\000M\000e\000t\000r\000i\000c\000s}{section.2.14}% 105
\BOOKMARK [2][]{subsection.2.14.4}{\376\377\0002\000.\0001\0004\000.\0004\000\040\000I\000n\000t\000e\000r\000v\000i\000e\000w\000\040\000I\000n\000s\000i\000g\000h\000t}{section.2.14}% 106
\BOOKMARK [1][]{section.2.15}{\376\377\0002\000.\0001\0005\000\040\000M\000u\000l\000t\000i\000c\000o\000r\000e\000\040\000S\000y\000s\000t\000e\000m\000s}{chapter.2}% 107
\BOOKMARK [2][]{subsection.2.15.1}{\376\377\0002\000.\0001\0005\000.\0001\000\040\000B\000e\000n\000e\000f\000i\000t\000s}{section.2.15}% 108
\BOOKMARK [2][]{subsection.2.15.2}{\376\377\0002\000.\0001\0005\000.\0002\000\040\000A\000r\000c\000h\000i\000t\000e\000c\000t\000u\000r\000e}{section.2.15}% 109
\BOOKMARK [1][]{section.2.16}{\376\377\0002\000.\0001\0006\000\040\000N\000U\000M\000A\000\040\000A\000r\000c\000h\000i\000t\000e\000c\000t\000u\000r\000e}{chapter.2}% 110
\BOOKMARK [2][]{subsection.2.16.1}{\376\377\0002\000.\0001\0006\000.\0001\000\040\000C\000o\000n\000c\000e\000p\000t}{section.2.16}% 111
\BOOKMARK [2][]{subsection.2.16.2}{\376\377\0002\000.\0001\0006\000.\0002\000\040\000A\000r\000c\000h\000i\000t\000e\000c\000t\000u\000r\000e}{section.2.16}% 112
\BOOKMARK [2][]{subsection.2.16.3}{\376\377\0002\000.\0001\0006\000.\0003\000\040\000C\000h\000a\000r\000a\000c\000t\000e\000r\000i\000s\000t\000i\000c\000s}{section.2.16}% 113
\BOOKMARK [1][]{section.2.17}{\376\377\0002\000.\0001\0007\000\040\000H\000a\000r\000d\000w\000a\000r\000e\000\040\000P\000r\000o\000t\000e\000c\000t\000i\000o\000n\000\040\000M\000e\000c\000h\000a\000n\000i\000s\000m\000s}{chapter.2}% 114
\BOOKMARK [2][]{subsection.2.17.1}{\376\377\0002\000.\0001\0007\000.\0001\000\040\000G\000o\000a\000l\000s}{section.2.17}% 115
\BOOKMARK [2][]{subsection.2.17.2}{\376\377\0002\000.\0001\0007\000.\0002\000\040\000M\000e\000c\000h\000a\000n\000i\000s\000m\000s}{section.2.17}% 116
\BOOKMARK [1][]{section.2.18}{\376\377\0002\000.\0001\0008\000\040\000U\000s\000e\000r\000\040\000M\000o\000d\000e\000\040\000a\000n\000d\000\040\000P\000r\000i\000v\000i\000l\000e\000g\000e\000d\000\040\000I\000n\000s\000t\000r\000u\000c\000t\000i\000o\000n\000s}{chapter.2}% 117
\BOOKMARK [2][]{subsection.2.18.1}{\376\377\0002\000.\0001\0008\000.\0001\000\040\000U\000s\000e\000r\000\040\000M\000o\000d\000e}{section.2.18}% 118
\BOOKMARK [2][]{subsection.2.18.2}{\376\377\0002\000.\0001\0008\000.\0002\000\040\000K\000e\000r\000n\000e\000l\000\040\000M\000o\000d\000e}{section.2.18}% 119
\BOOKMARK [2][]{subsection.2.18.3}{\376\377\0002\000.\0001\0008\000.\0003\000\040\000P\000r\000i\000v\000i\000l\000e\000g\000e\000d\000\040\000I\000n\000s\000t\000r\000u\000c\000t\000i\000o\000n\000s}{section.2.18}% 120
\BOOKMARK [2][]{subsection.2.18.4}{\376\377\0002\000.\0001\0008\000.\0004\000\040\000M\000o\000d\000e\000\040\000T\000r\000a\000n\000s\000i\000t\000i\000o\000n}{section.2.18}% 121
\BOOKMARK [1][]{section.2.19}{\376\377\0002\000.\0001\0009\000\040\000I\000n\000t\000e\000r\000v\000i\000e\000w\000\040\000E\000x\000p\000l\000a\000n\000a\000t\000i\000o\000n\000s}{chapter.2}% 122
\BOOKMARK [2][]{subsection.2.19.1}{\376\377\0002\000.\0001\0009\000.\0001\000\040\000W\000h\000y\000\040\000A\000r\000e\000\040\000R\000e\000g\000i\000s\000t\000e\000r\000s\000\040\000F\000a\000s\000t\000e\000r\000\040\000T\000h\000a\000n\000\040\000R\000A\000M\000?}{section.2.19}% 123
\BOOKMARK [2][]{subsection.2.19.2}{\376\377\0002\000.\0001\0009\000.\0002\000\040\000W\000h\000y\000\040\000A\000r\000e\000\040\000I\000n\000t\000e\000r\000r\000u\000p\000t\000s\000\040\000I\000m\000p\000o\000r\000t\000a\000n\000t\000?}{section.2.19}% 124
\BOOKMARK [2][]{subsection.2.19.3}{\376\377\0002\000.\0001\0009\000.\0003\000\040\000W\000h\000y\000\040\000I\000s\000\040\000C\000a\000c\000h\000e\000\040\000N\000e\000e\000d\000e\000d\000?}{section.2.19}% 125
\BOOKMARK [2][]{subsection.2.19.4}{\376\377\0002\000.\0001\0009\000.\0004\000\040\000D\000i\000f\000f\000e\000r\000e\000n\000c\000e\000\040\000B\000e\000t\000w\000e\000e\000n\000\040\000I\000n\000t\000e\000r\000r\000u\000p\000t\000\040\000a\000n\000d\000\040\000T\000r\000a\000p}{section.2.19}% 126
\BOOKMARK [2][]{subsection.2.19.5}{\376\377\0002\000.\0001\0009\000.\0005\000\040\000W\000h\000y\000\040\000D\000o\000e\000s\000\040\000N\000U\000M\000A\000\040\000E\000x\000i\000s\000t\000?}{section.2.19}% 127
\BOOKMARK [1][]{section.2.20}{\376\377\0002\000.\0002\0000\000\040\000K\000e\000y\000\040\000T\000a\000k\000e\000a\000w\000a\000y\000s}{chapter.2}% 128
\BOOKMARK [-1][]{part.2}{\376\377\000I\000I\000\040\000P\000r\000o\000c\000e\000s\000s\000e\000s\000\040\000a\000n\000d\000\040\000T\000h\000r\000e\000a\000d\000s}{}% 129
\BOOKMARK [0][]{chapter.3}{\376\377\0003\000\040\000P\000r\000o\000c\000e\000s\000s\000e\000s}{part.2}% 130
\BOOKMARK [1][]{section.3.1}{\376\377\0003\000.\0001\000\040\000C\000h\000a\000p\000t\000e\000r\000\040\000O\000v\000e\000r\000v\000i\000e\000w}{chapter.3}% 131
\BOOKMARK [1][]{section.3.2}{\376\377\0003\000.\0002\000\040\000L\000e\000a\000r\000n\000i\000n\000g\000\040\000O\000b\000j\000e\000c\000t\000i\000v\000e\000s}{chapter.3}% 132
\BOOKMARK [1][]{section.3.3}{\376\377\0003\000.\0003\000\040\000P\000r\000o\000c\000e\000s\000s\000\040\000C\000o\000n\000c\000e\000p\000t}{chapter.3}% 133
\BOOKMARK [2][]{subsection.3.3.1}{\376\377\0003\000.\0003\000.\0001\000\040\000D\000e\000f\000i\000n\000i\000t\000i\000o\000n}{section.3.3}% 134
\BOOKMARK [2][]{subsection.3.3.2}{\376\377\0003\000.\0003\000.\0002\000\040\000R\000e\000a\000l\000-\000W\000o\000r\000l\000d\000\040\000A\000n\000a\000l\000o\000g\000y}{section.3.3}% 135
\BOOKMARK [2][]{subsection.3.3.3}{\376\377\0003\000.\0003\000.\0003\000\040\000E\000x\000a\000m\000p\000l\000e\000s}{section.3.3}% 136
\BOOKMARK [1][]{section.3.4}{\376\377\0003\000.\0004\000\040\000P\000r\000o\000g\000r\000a\000m\000\040\000v\000s\000\040\000P\000r\000o\000c\000e\000s\000s}{chapter.3}% 137
\BOOKMARK [2][]{subsection.3.4.1}{\376\377\0003\000.\0004\000.\0001\000\040\000I\000n\000t\000e\000r\000v\000i\000e\000w\000\040\000T\000i\000p}{section.3.4}% 138
\BOOKMARK [1][]{section.3.5}{\376\377\0003\000.\0005\000\040\000P\000r\000o\000c\000e\000s\000s\000\040\000M\000e\000m\000o\000r\000y\000\040\000L\000a\000y\000o\000u\000t}{chapter.3}% 139
\BOOKMARK [2][]{subsection.3.5.1}{\376\377\0003\000.\0005\000.\0001\000\040\000T\000e\000x\000t\000\040\000S\000e\000g\000m\000e\000n\000t}{section.3.5}% 140
\BOOKMARK [2][]{subsection.3.5.2}{\376\377\0003\000.\0005\000.\0002\000\040\000D\000a\000t\000a\000\040\000S\000e\000g\000m\000e\000n\000t}{section.3.5}% 141
\BOOKMARK [2][]{subsection.3.5.3}{\376\377\0003\000.\0005\000.\0003\000\040\000B\000S\000S\000\040\000S\000e\000g\000m\000e\000n\000t}{section.3.5}% 142
\BOOKMARK [2][]{subsection.3.5.4}{\376\377\0003\000.\0005\000.\0004\000\040\000H\000e\000a\000p}{section.3.5}% 143
\BOOKMARK [2][]{subsection.3.5.5}{\376\377\0003\000.\0005\000.\0005\000\040\000S\000t\000a\000c\000k}{section.3.5}% 144
\BOOKMARK [2][]{subsection.3.5.6}{\376\377\0003\000.\0005\000.\0006\000\040\000I\000n\000t\000e\000r\000v\000i\000e\000w\000\040\000Q\000u\000e\000s\000t\000i\000o\000n}{section.3.5}% 145
\BOOKMARK [1][]{section.3.6}{\376\377\0003\000.\0006\000\040\000P\000r\000o\000c\000e\000s\000s\000\040\000S\000t\000a\000t\000e\000s}{chapter.3}% 146
\BOOKMARK [2][]{subsection.3.6.1}{\376\377\0003\000.\0006\000.\0001\000\040\000F\000i\000v\000e\000-\000S\000t\000a\000t\000e\000\040\000M\000o\000d\000e\000l}{section.3.6}% 147
\BOOKMARK [2][]{subsection.3.6.2}{\376\377\0003\000.\0006\000.\0002\000\040\000R\000e\000a\000d\000y\000\040\000S\000t\000a\000t\000e}{section.3.6}% 148
\BOOKMARK [2][]{subsection.3.6.3}{\376\377\0003\000.\0006\000.\0003\000\040\000R\000u\000n\000n\000i\000n\000g\000\040\000S\000t\000a\000t\000e}{section.3.6}% 149
\BOOKMARK [2][]{subsection.3.6.4}{\376\377\0003\000.\0006\000.\0004\000\040\000W\000a\000i\000t\000i\000n\000g\000\040\000S\000t\000a\000t\000e}{section.3.6}% 150
\BOOKMARK [2][]{subsection.3.6.5}{\376\377\0003\000.\0006\000.\0005\000\040\000T\000e\000r\000m\000i\000n\000a\000t\000e\000d\000\040\000S\000t\000a\000t\000e}{section.3.6}% 151
\BOOKMARK [1][]{section.3.7}{\376\377\0003\000.\0007\000\040\000P\000r\000o\000c\000e\000s\000s\000\040\000C\000o\000n\000t\000r\000o\000l\000\040\000B\000l\000o\000c\000k\000\040\000\050\000P\000C\000B\000\051}{chapter.3}% 152
\BOOKMARK [2][]{subsection.3.7.1}{\376\377\0003\000.\0007\000.\0001\000\040\000D\000e\000f\000i\000n\000i\000t\000i\000o\000n}{section.3.7}% 153
\BOOKMARK [2][]{subsection.3.7.2}{\376\377\0003\000.\0007\000.\0002\000\040\000C\000o\000n\000t\000e\000n\000t\000s\000\040\000o\000f\000\040\000P\000C\000B}{section.3.7}% 154
\BOOKMARK [1][]{section.3.8}{\376\377\0003\000.\0008\000\040\000C\000o\000n\000t\000e\000x\000t\000\040\000S\000w\000i\000t\000c\000h\000i\000n\000g}{chapter.3}% 155
\BOOKMARK [2][]{subsection.3.8.1}{\376\377\0003\000.\0008\000.\0001\000\040\000D\000e\000f\000i\000n\000i\000t\000i\000o\000n}{section.3.8}% 156
\BOOKMARK [2][]{subsection.3.8.2}{\376\377\0003\000.\0008\000.\0002\000\040\000S\000t\000e\000p\000s}{section.3.8}% 157
\BOOKMARK [2][]{subsection.3.8.3}{\376\377\0003\000.\0008\000.\0003\000\040\000I\000n\000t\000e\000r\000v\000i\000e\000w\000\040\000I\000n\000s\000i\000g\000h\000t}{section.3.8}% 158
\BOOKMARK [1][]{section.3.9}{\376\377\0003\000.\0009\000\040\000P\000r\000o\000c\000e\000s\000s\000\040\000C\000r\000e\000a\000t\000i\000o\000n}{chapter.3}% 159
\BOOKMARK [2][]{subsection.3.9.1}{\376\377\0003\000.\0009\000.\0001\000\040\000L\000i\000n\000u\000x\000\040\000M\000o\000d\000e\000l}{section.3.9}% 160
\BOOKMARK [2][]{subsection.3.9.2}{\376\377\0003\000.\0009\000.\0002\000\040\000W\000i\000n\000d\000o\000w\000s\000\040\000M\000o\000d\000e\000l}{section.3.9}% 161
\BOOKMARK [1][]{section.3.10}{\376\377\0003\000.\0001\0000\000\040\000f\000o\000r\000k\000\050\000\051}{chapter.3}% 162
\BOOKMARK [2][]{subsection.3.10.1}{\376\377\0003\000.\0001\0000\000.\0001\000\040\000D\000e\000f\000i\000n\000i\000t\000i\000o\000n}{section.3.10}% 163
\BOOKMARK [2][]{subsection.3.10.2}{\376\377\0003\000.\0001\0000\000.\0002\000\040\000R\000e\000t\000u\000r\000n\000\040\000V\000a\000l\000u\000e\000s}{section.3.10}% 164
\BOOKMARK [2][]{subsection.3.10.3}{\376\377\0003\000.\0001\0000\000.\0003\000\040\000E\000x\000a\000m\000p\000l\000e}{section.3.10}% 165
\BOOKMARK [2][]{subsection.3.10.4}{\376\377\0003\000.\0001\0000\000.\0004\000\040\000I\000n\000t\000e\000r\000v\000i\000e\000w\000\040\000I\000n\000s\000i\000g\000h\000t}{section.3.10}% 166
\BOOKMARK [1][]{section.3.11}{\376\377\0003\000.\0001\0001\000\040\000e\000x\000e\000c\000\050\000\051}{chapter.3}% 167
\BOOKMARK [2][]{subsection.3.11.1}{\376\377\0003\000.\0001\0001\000.\0001\000\040\000D\000e\000f\000i\000n\000i\000t\000i\000o\000n}{section.3.11}% 168
\BOOKMARK [2][]{subsection.3.11.2}{\376\377\0003\000.\0001\0001\000.\0002\000\040\000C\000o\000m\000m\000o\000n\000\040\000V\000a\000r\000i\000a\000n\000t\000s}{section.3.11}% 169
\BOOKMARK [2][]{subsection.3.11.3}{\376\377\0003\000.\0001\0001\000.\0003\000\040\000E\000x\000a\000m\000p\000l\000e}{section.3.11}% 170
\BOOKMARK [2][]{subsection.3.11.4}{\376\377\0003\000.\0001\0001\000.\0004\000\040\000I\000m\000p\000o\000r\000t\000a\000n\000t\000\040\000P\000o\000i\000n\000t}{section.3.11}% 171
\BOOKMARK [1][]{section.3.12}{\376\377\0003\000.\0001\0002\000\040\000w\000a\000i\000t\000\050\000\051}{chapter.3}% 172
\BOOKMARK [2][]{subsection.3.12.1}{\376\377\0003\000.\0001\0002\000.\0001\000\040\000D\000e\000f\000i\000n\000i\000t\000i\000o\000n}{section.3.12}% 173
\BOOKMARK [2][]{subsection.3.12.2}{\376\377\0003\000.\0001\0002\000.\0002\000\040\000E\000x\000a\000m\000p\000l\000e}{section.3.12}% 174
\BOOKMARK [2][]{subsection.3.12.3}{\376\377\0003\000.\0001\0002\000.\0003\000\040\000P\000u\000r\000p\000o\000s\000e}{section.3.12}% 175
\BOOKMARK [1][]{section.3.13}{\376\377\0003\000.\0001\0003\000\040\000P\000r\000o\000c\000e\000s\000s\000\040\000S\000c\000h\000e\000d\000u\000l\000i\000n\000g\000\040\000O\000v\000e\000r\000v\000i\000e\000w}{chapter.3}% 176
\BOOKMARK [1][]{section.3.14}{\376\377\0003\000.\0001\0004\000\040\000P\000r\000o\000c\000e\000s\000s\000\040\000T\000e\000r\000m\000i\000n\000a\000t\000i\000o\000n}{chapter.3}% 177
\BOOKMARK [1][]{section.3.15}{\376\377\0003\000.\0001\0005\000\040\000Z\000o\000m\000b\000i\000e\000\040\000P\000r\000o\000c\000e\000s\000s\000e\000s}{chapter.3}% 178
\BOOKMARK [2][]{subsection.3.15.1}{\376\377\0003\000.\0001\0005\000.\0001\000\040\000D\000e\000f\000i\000n\000i\000t\000i\000o\000n}{section.3.15}% 179
\BOOKMARK [2][]{subsection.3.15.2}{\376\377\0003\000.\0001\0005\000.\0002\000\040\000R\000e\000a\000s\000o\000n}{section.3.15}% 180
\BOOKMARK [2][]{subsection.3.15.3}{\376\377\0003\000.\0001\0005\000.\0003\000\040\000C\000h\000a\000r\000a\000c\000t\000e\000r\000i\000s\000t\000i\000c\000s}{section.3.15}% 181
\BOOKMARK [2][]{subsection.3.15.4}{\376\377\0003\000.\0001\0005\000.\0004\000\040\000F\000i\000x}{section.3.15}% 182
\BOOKMARK [2][]{subsection.3.15.5}{\376\377\0003\000.\0001\0005\000.\0005\000\040\000L\000i\000n\000u\000x\000\040\000E\000x\000a\000m\000p\000l\000e}{section.3.15}% 183
\BOOKMARK [1][]{section.3.16}{\376\377\0003\000.\0001\0006\000\040\000O\000r\000p\000h\000a\000n\000\040\000P\000r\000o\000c\000e\000s\000s\000e\000s}{chapter.3}% 184
\BOOKMARK [2][]{subsection.3.16.1}{\376\377\0003\000.\0001\0006\000.\0001\000\040\000D\000e\000f\000i\000n\000i\000t\000i\000o\000n}{section.3.16}% 185
\BOOKMARK [2][]{subsection.3.16.2}{\376\377\0003\000.\0001\0006\000.\0002\000\040\000W\000h\000a\000t\000\040\000H\000a\000p\000p\000e\000n\000s\000?}{section.3.16}% 186
\BOOKMARK [2][]{subsection.3.16.3}{\376\377\0003\000.\0001\0006\000.\0003\000\040\000I\000n\000t\000e\000r\000v\000i\000e\000w\000\040\000Q\000u\000e\000s\000t\000i\000o\000n}{section.3.16}% 187
\BOOKMARK [1][]{section.3.17}{\376\377\0003\000.\0001\0007\000\040\000D\000a\000e\000m\000o\000n\000\040\000P\000r\000o\000c\000e\000s\000s\000e\000s}{chapter.3}% 188
\BOOKMARK [2][]{subsection.3.17.1}{\376\377\0003\000.\0001\0007\000.\0001\000\040\000D\000e\000f\000i\000n\000i\000t\000i\000o\000n}{section.3.17}% 189
\BOOKMARK [2][]{subsection.3.17.2}{\376\377\0003\000.\0001\0007\000.\0002\000\040\000C\000h\000a\000r\000a\000c\000t\000e\000r\000i\000s\000t\000i\000c\000s}{section.3.17}% 190
\BOOKMARK [1][]{section.3.18}{\376\377\0003\000.\0001\0008\000\040\000P\000r\000o\000c\000e\000s\000s\000\040\000H\000i\000e\000r\000a\000r\000c\000h\000i\000e\000s}{chapter.3}% 191
\BOOKMARK [1][]{section.3.19}{\376\377\0003\000.\0001\0009\000\040\000L\000i\000n\000u\000x\000\040\000P\000r\000o\000c\000e\000s\000s\000\040\000M\000a\000n\000a\000g\000e\000m\000e\000n\000t}{chapter.3}% 192
\BOOKMARK [2][]{subsection.3.19.1}{\376\377\0003\000.\0001\0009\000.\0001\000\040\000U\000s\000e\000f\000u\000l\000\040\000C\000o\000m\000m\000a\000n\000d\000s}{section.3.19}% 193
\BOOKMARK [2][]{subsection.3.19.2}{\376\377\0003\000.\0001\0009\000.\0002\000\040\000E\000x\000a\000m\000p\000l\000e\000s}{section.3.19}% 194
\BOOKMARK [1][]{section.3.20}{\376\377\0003\000.\0002\0000\000\040\000I\000n\000t\000e\000r\000v\000i\000e\000w\000\040\000I\000n\000s\000i\000g\000h\000t\000s}{chapter.3}% 195
\BOOKMARK [1][]{section.3.21}{\376\377\0003\000.\0002\0001\000\040\000K\000e\000y\000\040\000T\000a\000k\000e\000a\000w\000a\000y\000s}{chapter.3}% 196
\BOOKMARK [1][]{section.3.22}{\376\377\0003\000.\0002\0002\000\040\0002\0000\000\040\000I\000n\000t\000e\000r\000v\000i\000e\000w\000\040\000Q\000u\000e\000s\000t\000i\000o\000n\000s\000\040\000w\000i\000t\000h\000\040\000A\000n\000s\000w\000e\000r\000s}{chapter.3}% 197
\BOOKMARK [1][]{section.3.23}{\376\377\0003\000.\0002\0003\000\040\0002\0000\000\040\000M\000C\000Q\000s\000\040\000w\000i\000t\000h\000\040\000A\000n\000s\000w\000e\000r\000s}{chapter.3}% 198
\BOOKMARK [1][]{section.3.24}{\376\377\0003\000.\0002\0004\000\040\000R\000e\000v\000i\000s\000i\000o\000n\000\040\000N\000o\000t\000e\000s}{chapter.3}% 199
\BOOKMARK [1][]{section.3.25}{\376\377\0003\000.\0002\0005\000\040\000C\000h\000e\000a\000t\000\040\000S\000h\000e\000e\000t}{chapter.3}% 200
\BOOKMARK [0][]{chapter.4}{\376\377\0004\000\040\000T\000h\000r\000e\000a\000d\000s}{part.2}% 201
\BOOKMARK [1][]{section.4.1}{\376\377\0004\000.\0001\000\040\000M\000o\000t\000i\000v\000a\000t\000i\000o\000n\000\040\000f\000o\000r\000\040\000T\000h\000r\000e\000a\000d\000s}{chapter.4}% 202
\BOOKMARK [1][]{section.4.2}{\376\377\0004\000.\0002\000\040\000W\000h\000a\000t\000\040\000i\000s\000\040\000a\000\040\000T\000h\000r\000e\000a\000d}{chapter.4}% 203
\BOOKMARK [1][]{section.4.3}{\376\377\0004\000.\0003\000\040\000P\000r\000o\000c\000e\000s\000s\000\040\000v\000s\000\040\000T\000h\000r\000e\000a\000d}{chapter.4}% 204
\BOOKMARK [1][]{section.4.4}{\376\377\0004\000.\0004\000\040\000T\000h\000r\000e\000a\000d\000\040\000S\000t\000a\000t\000e\000s}{chapter.4}% 205
\BOOKMARK [1][]{section.4.5}{\376\377\0004\000.\0005\000\040\000U\000s\000e\000r\000\040\000T\000h\000r\000e\000a\000d\000s}{chapter.4}% 206
\BOOKMARK [1][]{section.4.6}{\376\377\0004\000.\0006\000\040\000K\000e\000r\000n\000e\000l\000\040\000T\000h\000r\000e\000a\000d\000s}{chapter.4}% 207
\BOOKMARK [1][]{section.4.7}{\376\377\0004\000.\0007\000\040\000M\000u\000l\000t\000i\000t\000h\000r\000e\000a\000d\000i\000n\000g\000\040\000M\000o\000d\000e\000l\000s}{chapter.4}% 208
\BOOKMARK [1][]{section.4.8}{\376\377\0004\000.\0008\000\040\000M\000a\000n\000y\000-\000t\000o\000-\000O\000n\000e}{chapter.4}% 209
\BOOKMARK [1][]{section.4.9}{\376\377\0004\000.\0009\000\040\000O\000n\000e\000-\000t\000o\000-\000O\000n\000e}{chapter.4}% 210
\BOOKMARK [1][]{section.4.10}{\376\377\0004\000.\0001\0000\000\040\000M\000a\000n\000y\000-\000t\000o\000-\000M\000a\000n\000y}{chapter.4}% 211
\BOOKMARK [1][]{section.4.11}{\376\377\0004\000.\0001\0001\000\040\000T\000h\000r\000e\000a\000d\000\040\000L\000i\000b\000r\000a\000r\000i\000e\000s}{chapter.4}% 212
\BOOKMARK [1][]{section.4.12}{\376\377\0004\000.\0001\0002\000\040\000P\000O\000S\000I\000X\000\040\000T\000h\000r\000e\000a\000d\000s}{chapter.4}% 213
\BOOKMARK [2][]{subsection.4.12.1}{\376\377\0004\000.\0001\0002\000.\0001\000\040\000P\000t\000h\000r\000e\000a\000d\000s\000\040\000E\000x\000a\000m\000p\000l\000e}{section.4.12}% 214
\BOOKMARK [1][]{section.4.13}{\376\377\0004\000.\0001\0003\000\040\000J\000a\000v\000a\000\040\000T\000h\000r\000e\000a\000d\000s}{chapter.4}% 215
\BOOKMARK [2][]{subsection.4.13.1}{\376\377\0004\000.\0001\0003\000.\0001\000\040\000J\000a\000v\000a\000\040\000E\000x\000a\000m\000p\000l\000e}{section.4.13}% 216
\BOOKMARK [1][]{section.4.14}{\376\377\0004\000.\0001\0004\000\040\000P\000y\000t\000h\000o\000n\000\040\000T\000h\000r\000e\000a\000d\000s}{chapter.4}% 217
\BOOKMARK [2][]{subsection.4.14.1}{\376\377\0004\000.\0001\0004\000.\0001\000\040\000P\000y\000t\000h\000o\000n\000\040\000E\000x\000a\000m\000p\000l\000e}{section.4.14}% 218
\BOOKMARK [1][]{section.4.15}{\376\377\0004\000.\0001\0005\000\040\000T\000h\000r\000e\000a\000d\000\040\000P\000o\000o\000l\000s}{chapter.4}% 219
\BOOKMARK [1][]{section.4.16}{\376\377\0004\000.\0001\0006\000\040\000T\000h\000r\000e\000a\000d\000\040\000S\000a\000f\000e\000t\000y}{chapter.4}% 220
\BOOKMARK [1][]{section.4.17}{\376\377\0004\000.\0001\0007\000\040\000T\000h\000r\000e\000a\000d\000\040\000L\000o\000c\000a\000l\000\040\000S\000t\000o\000r\000a\000g\000e}{chapter.4}% 221
\BOOKMARK [1][]{section.4.18}{\376\377\0004\000.\0001\0008\000\040\000M\000u\000l\000t\000i\000c\000o\000r\000e\000\040\000E\000x\000e\000c\000u\000t\000i\000o\000n}{chapter.4}% 222
\BOOKMARK [1][]{section.4.19}{\376\377\0004\000.\0001\0009\000\040\000I\000n\000t\000e\000r\000v\000i\000e\000w\000\040\000N\000o\000t\000e\000s}{chapter.4}% 223
\BOOKMARK [1][]{section.4.20}{\376\377\0004\000.\0002\0000\000\040\000K\000e\000y\000\040\000T\000a\000k\000e\000a\000w\000a\000y\000s}{chapter.4}% 224
\BOOKMARK [0][]{chapter.5}{\376\377\0005\000\040\000C\000P\000U\000\040\000S\000c\000h\000e\000d\000u\000l\000i\000n\000g}{part.2}% 225
\BOOKMARK [1][]{section.5.1}{\376\377\0005\000.\0001\000\040\000C\000h\000a\000p\000t\000e\000r\000\040\000O\000v\000e\000r\000v\000i\000e\000w}{chapter.5}% 226
\BOOKMARK [1][]{section.5.2}{\376\377\0005\000.\0002\000\040\000L\000e\000a\000r\000n\000i\000n\000g\000\040\000O\000b\000j\000e\000c\000t\000i\000v\000e\000s}{chapter.5}% 227
\BOOKMARK [1][]{section.5.3}{\376\377\0005\000.\0003\000\040\000C\000P\000U\000\040\000S\000c\000h\000e\000d\000u\000l\000i\000n\000g\000\040\000B\000a\000s\000i\000c\000s}{chapter.5}% 228
\BOOKMARK [2][]{subsection.5.3.1}{\376\377\0005\000.\0003\000.\0001\000\040\000D\000e\000f\000i\000n\000i\000t\000i\000o\000n}{section.5.3}% 229
\BOOKMARK [2][]{subsection.5.3.2}{\376\377\0005\000.\0003\000.\0002\000\040\000W\000h\000y\000\040\000S\000c\000h\000e\000d\000u\000l\000i\000n\000g\000\040\000i\000s\000\040\000N\000e\000e\000d\000e\000d}{section.5.3}% 230
\BOOKMARK [2][]{subsection.5.3.3}{\376\377\0005\000.\0003\000.\0003\000\040\000S\000c\000h\000e\000d\000u\000l\000i\000n\000g\000\040\000C\000y\000c\000l\000e}{section.5.3}% 231
\BOOKMARK [1][]{section.5.4}{\376\377\0005\000.\0004\000\040\000S\000c\000h\000e\000d\000u\000l\000i\000n\000g\000\040\000G\000o\000a\000l\000s}{chapter.5}% 232
\BOOKMARK [1][]{section.5.5}{\376\377\0005\000.\0005\000\040\000T\000h\000r\000o\000u\000g\000h\000p\000u\000t}{chapter.5}% 233
\BOOKMARK [2][]{subsection.5.5.1}{\376\377\0005\000.\0005\000.\0001\000\040\000D\000e\000f\000i\000n\000i\000t\000i\000o\000n}{section.5.5}% 234
\BOOKMARK [2][]{subsection.5.5.2}{\376\377\0005\000.\0005\000.\0002\000\040\000E\000x\000a\000m\000p\000l\000e}{section.5.5}% 235
\BOOKMARK [1][]{section.5.6}{\376\377\0005\000.\0006\000\040\000T\000u\000r\000n\000a\000r\000o\000u\000n\000d\000\040\000T\000i\000m\000e}{chapter.5}% 236
\BOOKMARK [2][]{subsection.5.6.1}{\376\377\0005\000.\0006\000.\0001\000\040\000D\000e\000f\000i\000n\000i\000t\000i\000o\000n}{section.5.6}% 237
\BOOKMARK [2][]{subsection.5.6.2}{\376\377\0005\000.\0006\000.\0002\000\040\000E\000x\000a\000m\000p\000l\000e}{section.5.6}% 238
\BOOKMARK [1][]{section.5.7}{\376\377\0005\000.\0007\000\040\000W\000a\000i\000t\000i\000n\000g\000\040\000T\000i\000m\000e}{chapter.5}% 239
\BOOKMARK [2][]{subsection.5.7.1}{\376\377\0005\000.\0007\000.\0001\000\040\000D\000e\000f\000i\000n\000i\000t\000i\000o\000n}{section.5.7}% 240
\BOOKMARK [2][]{subsection.5.7.2}{\376\377\0005\000.\0007\000.\0002\000\040\000E\000x\000a\000m\000p\000l\000e}{section.5.7}% 241
\BOOKMARK [1][]{section.5.8}{\376\377\0005\000.\0008\000\040\000R\000e\000s\000p\000o\000n\000s\000e\000\040\000T\000i\000m\000e}{chapter.5}% 242
\BOOKMARK [2][]{subsection.5.8.1}{\376\377\0005\000.\0008\000.\0001\000\040\000D\000e\000f\000i\000n\000i\000t\000i\000o\000n}{section.5.8}% 243
\BOOKMARK [2][]{subsection.5.8.2}{\376\377\0005\000.\0008\000.\0002\000\040\000I\000m\000p\000o\000r\000t\000a\000n\000c\000e}{section.5.8}% 244
\BOOKMARK [1][]{section.5.9}{\376\377\0005\000.\0009\000\040\000C\000P\000U\000\040\000U\000t\000i\000l\000i\000z\000a\000t\000i\000o\000n}{chapter.5}% 245
\BOOKMARK [2][]{subsection.5.9.1}{\376\377\0005\000.\0009\000.\0001\000\040\000D\000e\000f\000i\000n\000i\000t\000i\000o\000n}{section.5.9}% 246
\BOOKMARK [2][]{subsection.5.9.2}{\376\377\0005\000.\0009\000.\0002\000\040\000G\000o\000a\000l}{section.5.9}% 247
\BOOKMARK [1][]{section.5.10}{\376\377\0005\000.\0001\0000\000\040\000P\000r\000e\000e\000m\000p\000t\000i\000v\000e\000\040\000S\000c\000h\000e\000d\000u\000l\000i\000n\000g}{chapter.5}% 248
\BOOKMARK [2][]{subsection.5.10.1}{\376\377\0005\000.\0001\0000\000.\0001\000\040\000D\000e\000f\000i\000n\000i\000t\000i\000o\000n}{section.5.10}% 249
\BOOKMARK [2][]{subsection.5.10.2}{\376\377\0005\000.\0001\0000\000.\0002\000\040\000E\000x\000a\000m\000p\000l\000e\000s}{section.5.10}% 250
\BOOKMARK [2][]{subsection.5.10.3}{\376\377\0005\000.\0001\0000\000.\0003\000\040\000A\000d\000v\000a\000n\000t\000a\000g\000e\000s}{section.5.10}% 251
\BOOKMARK [2][]{subsection.5.10.4}{\376\377\0005\000.\0001\0000\000.\0004\000\040\000D\000i\000s\000a\000d\000v\000a\000n\000t\000a\000g\000e\000s}{section.5.10}% 252
\BOOKMARK [1][]{section.5.11}{\376\377\0005\000.\0001\0001\000\040\000N\000o\000n\000-\000P\000r\000e\000e\000m\000p\000t\000i\000v\000e\000\040\000S\000c\000h\000e\000d\000u\000l\000i\000n\000g}{chapter.5}% 253
\BOOKMARK [2][]{subsection.5.11.1}{\376\377\0005\000.\0001\0001\000.\0001\000\040\000D\000e\000f\000i\000n\000i\000t\000i\000o\000n}{section.5.11}% 254
\BOOKMARK [2][]{subsection.5.11.2}{\376\377\0005\000.\0001\0001\000.\0002\000\040\000E\000x\000a\000m\000p\000l\000e\000s}{section.5.11}% 255
\BOOKMARK [2][]{subsection.5.11.3}{\376\377\0005\000.\0001\0001\000.\0003\000\040\000A\000d\000v\000a\000n\000t\000a\000g\000e\000s}{section.5.11}% 256
\BOOKMARK [2][]{subsection.5.11.4}{\376\377\0005\000.\0001\0001\000.\0004\000\040\000D\000i\000s\000a\000d\000v\000a\000n\000t\000a\000g\000e\000s}{section.5.11}% 257
\BOOKMARK [1][]{section.5.12}{\376\377\0005\000.\0001\0002\000\040\000F\000i\000r\000s\000t\000\040\000C\000o\000m\000e\000\040\000F\000i\000r\000s\000t\000\040\000S\000e\000r\000v\000e\000\040\000\050\000F\000C\000F\000S\000\051}{chapter.5}% 258
\BOOKMARK [2][]{subsection.5.12.1}{\376\377\0005\000.\0001\0002\000.\0001\000\040\000D\000e\000f\000i\000n\000i\000t\000i\000o\000n}{section.5.12}% 259
\BOOKMARK [2][]{subsection.5.12.2}{\376\377\0005\000.\0001\0002\000.\0002\000\040\000W\000o\000r\000k\000i\000n\000g}{section.5.12}% 260
\BOOKMARK [2][]{subsection.5.12.3}{\376\377\0005\000.\0001\0002\000.\0003\000\040\000A\000d\000v\000a\000n\000t\000a\000g\000e\000s}{section.5.12}% 261
\BOOKMARK [2][]{subsection.5.12.4}{\376\377\0005\000.\0001\0002\000.\0004\000\040\000D\000i\000s\000a\000d\000v\000a\000n\000t\000a\000g\000e\000s}{section.5.12}% 262
\BOOKMARK [2][]{subsection.5.12.5}{\376\377\0005\000.\0001\0002\000.\0005\000\040\000C\000o\000m\000p\000l\000e\000x\000i\000t\000y}{section.5.12}% 263
\BOOKMARK [2][]{subsection.5.12.6}{\376\377\0005\000.\0001\0002\000.\0006\000\040\000E\000x\000a\000m\000p\000l\000e}{section.5.12}% 264
\BOOKMARK [1][]{section.5.13}{\376\377\0005\000.\0001\0003\000\040\000S\000h\000o\000r\000t\000e\000s\000t\000\040\000J\000o\000b\000\040\000F\000i\000r\000s\000t\000\040\000\050\000S\000J\000F\000\051}{chapter.5}% 265
\BOOKMARK [2][]{subsection.5.13.1}{\376\377\0005\000.\0001\0003\000.\0001\000\040\000D\000e\000f\000i\000n\000i\000t\000i\000o\000n}{section.5.13}% 266
\BOOKMARK [2][]{subsection.5.13.2}{\376\377\0005\000.\0001\0003\000.\0002\000\040\000W\000o\000r\000k\000i\000n\000g}{section.5.13}% 267
\BOOKMARK [2][]{subsection.5.13.3}{\376\377\0005\000.\0001\0003\000.\0003\000\040\000A\000d\000v\000a\000n\000t\000a\000g\000e\000s}{section.5.13}% 268
\BOOKMARK [2][]{subsection.5.13.4}{\376\377\0005\000.\0001\0003\000.\0004\000\040\000D\000i\000s\000a\000d\000v\000a\000n\000t\000a\000g\000e\000s}{section.5.13}% 269
\BOOKMARK [2][]{subsection.5.13.5}{\376\377\0005\000.\0001\0003\000.\0005\000\040\000C\000o\000m\000p\000l\000e\000x\000i\000t\000y}{section.5.13}% 270
\BOOKMARK [2][]{subsection.5.13.6}{\376\377\0005\000.\0001\0003\000.\0006\000\040\000E\000x\000a\000m\000p\000l\000e}{section.5.13}% 271
\BOOKMARK [1][]{section.5.14}{\376\377\0005\000.\0001\0004\000\040\000S\000h\000o\000r\000t\000e\000s\000t\000\040\000R\000e\000m\000a\000i\000n\000i\000n\000g\000\040\000T\000i\000m\000e\000\040\000F\000i\000r\000s\000t\000\040\000\050\000S\000R\000T\000F\000\051}{chapter.5}% 272
\BOOKMARK [2][]{subsection.5.14.1}{\376\377\0005\000.\0001\0004\000.\0001\000\040\000D\000e\000f\000i\000n\000i\000t\000i\000o\000n}{section.5.14}% 273
\BOOKMARK [2][]{subsection.5.14.2}{\376\377\0005\000.\0001\0004\000.\0002\000\040\000W\000o\000r\000k\000i\000n\000g}{section.5.14}% 274
\BOOKMARK [2][]{subsection.5.14.3}{\376\377\0005\000.\0001\0004\000.\0003\000\040\000A\000d\000v\000a\000n\000t\000a\000g\000e\000s}{section.5.14}% 275
\BOOKMARK [2][]{subsection.5.14.4}{\376\377\0005\000.\0001\0004\000.\0004\000\040\000D\000i\000s\000a\000d\000v\000a\000n\000t\000a\000g\000e\000s}{section.5.14}% 276
\BOOKMARK [2][]{subsection.5.14.5}{\376\377\0005\000.\0001\0004\000.\0005\000\040\000C\000o\000m\000p\000l\000e\000x\000i\000t\000y}{section.5.14}% 277
\BOOKMARK [2][]{subsection.5.14.6}{\376\377\0005\000.\0001\0004\000.\0006\000\040\000E\000x\000a\000m\000p\000l\000e}{section.5.14}% 278
\BOOKMARK [1][]{section.5.15}{\376\377\0005\000.\0001\0005\000\040\000P\000r\000i\000o\000r\000i\000t\000y\000\040\000S\000c\000h\000e\000d\000u\000l\000i\000n\000g}{chapter.5}% 279
\BOOKMARK [2][]{subsection.5.15.1}{\376\377\0005\000.\0001\0005\000.\0001\000\040\000D\000e\000f\000i\000n\000i\000t\000i\000o\000n}{section.5.15}% 280
\BOOKMARK [2][]{subsection.5.15.2}{\376\377\0005\000.\0001\0005\000.\0002\000\040\000W\000o\000r\000k\000i\000n\000g}{section.5.15}% 281
\BOOKMARK [2][]{subsection.5.15.3}{\376\377\0005\000.\0001\0005\000.\0003\000\040\000A\000d\000v\000a\000n\000t\000a\000g\000e\000s}{section.5.15}% 282
\BOOKMARK [2][]{subsection.5.15.4}{\376\377\0005\000.\0001\0005\000.\0004\000\040\000D\000i\000s\000a\000d\000v\000a\000n\000t\000a\000g\000e\000s}{section.5.15}% 283
\BOOKMARK [2][]{subsection.5.15.5}{\376\377\0005\000.\0001\0005\000.\0005\000\040\000C\000o\000m\000p\000l\000e\000x\000i\000t\000y}{section.5.15}% 284
\BOOKMARK [2][]{subsection.5.15.6}{\376\377\0005\000.\0001\0005\000.\0006\000\040\000E\000x\000a\000m\000p\000l\000e}{section.5.15}% 285
\BOOKMARK [1][]{section.5.16}{\376\377\0005\000.\0001\0006\000\040\000R\000o\000u\000n\000d\000\040\000R\000o\000b\000i\000n\000\040\000S\000c\000h\000e\000d\000u\000l\000i\000n\000g}{chapter.5}% 286
\BOOKMARK [2][]{subsection.5.16.1}{\376\377\0005\000.\0001\0006\000.\0001\000\040\000D\000e\000f\000i\000n\000i\000t\000i\000o\000n}{section.5.16}% 287
\BOOKMARK [2][]{subsection.5.16.2}{\376\377\0005\000.\0001\0006\000.\0002\000\040\000W\000o\000r\000k\000i\000n\000g}{section.5.16}% 288
\BOOKMARK [2][]{subsection.5.16.3}{\376\377\0005\000.\0001\0006\000.\0003\000\040\000A\000d\000v\000a\000n\000t\000a\000g\000e\000s}{section.5.16}% 289
\BOOKMARK [2][]{subsection.5.16.4}{\376\377\0005\000.\0001\0006\000.\0004\000\040\000D\000i\000s\000a\000d\000v\000a\000n\000t\000a\000g\000e\000s}{section.5.16}% 290
\BOOKMARK [2][]{subsection.5.16.5}{\376\377\0005\000.\0001\0006\000.\0005\000\040\000C\000o\000m\000p\000l\000e\000x\000i\000t\000y}{section.5.16}% 291
\BOOKMARK [2][]{subsection.5.16.6}{\376\377\0005\000.\0001\0006\000.\0006\000\040\000E\000x\000a\000m\000p\000l\000e}{section.5.16}% 292
\BOOKMARK [1][]{section.5.17}{\376\377\0005\000.\0001\0007\000\040\000M\000u\000l\000t\000i\000l\000e\000v\000e\000l\000\040\000Q\000u\000e\000u\000e\000\040\000S\000c\000h\000e\000d\000u\000l\000i\000n\000g}{chapter.5}% 293
\BOOKMARK [2][]{subsection.5.17.1}{\376\377\0005\000.\0001\0007\000.\0001\000\040\000D\000e\000f\000i\000n\000i\000t\000i\000o\000n}{section.5.17}% 294
\BOOKMARK [2][]{subsection.5.17.2}{\376\377\0005\000.\0001\0007\000.\0002\000\040\000W\000o\000r\000k\000i\000n\000g}{section.5.17}% 295
\BOOKMARK [2][]{subsection.5.17.3}{\376\377\0005\000.\0001\0007\000.\0003\000\040\000A\000d\000v\000a\000n\000t\000a\000g\000e\000s}{section.5.17}% 296
\BOOKMARK [2][]{subsection.5.17.4}{\376\377\0005\000.\0001\0007\000.\0004\000\040\000D\000i\000s\000a\000d\000v\000a\000n\000t\000a\000g\000e\000s}{section.5.17}% 297
\BOOKMARK [2][]{subsection.5.17.5}{\376\377\0005\000.\0001\0007\000.\0005\000\040\000C\000o\000m\000p\000l\000e\000x\000i\000t\000y}{section.5.17}% 298
\BOOKMARK [1][]{section.5.18}{\376\377\0005\000.\0001\0008\000\040\000M\000u\000l\000t\000i\000l\000e\000v\000e\000l\000\040\000F\000e\000e\000d\000b\000a\000c\000k\000\040\000Q\000u\000e\000u\000e\000\040\000\050\000M\000L\000F\000Q\000\051}{chapter.5}% 299
\BOOKMARK [2][]{subsection.5.18.1}{\376\377\0005\000.\0001\0008\000.\0001\000\040\000D\000e\000f\000i\000n\000i\000t\000i\000o\000n}{section.5.18}% 300
\BOOKMARK [2][]{subsection.5.18.2}{\376\377\0005\000.\0001\0008\000.\0002\000\040\000W\000o\000r\000k\000i\000n\000g}{section.5.18}% 301
\BOOKMARK [2][]{subsection.5.18.3}{\376\377\0005\000.\0001\0008\000.\0003\000\040\000A\000d\000v\000a\000n\000t\000a\000g\000e\000s}{section.5.18}% 302
\BOOKMARK [2][]{subsection.5.18.4}{\376\377\0005\000.\0001\0008\000.\0004\000\040\000D\000i\000s\000a\000d\000v\000a\000n\000t\000a\000g\000e\000s}{section.5.18}% 303
\BOOKMARK [2][]{subsection.5.18.5}{\376\377\0005\000.\0001\0008\000.\0005\000\040\000C\000o\000m\000p\000l\000e\000x\000i\000t\000y}{section.5.18}% 304
\BOOKMARK [2][]{subsection.5.18.6}{\376\377\0005\000.\0001\0008\000.\0006\000\040\000E\000x\000a\000m\000p\000l\000e}{section.5.18}% 305
\BOOKMARK [1][]{section.5.19}{\376\377\0005\000.\0001\0009\000\040\000D\000i\000s\000p\000a\000t\000c\000h\000e\000r}{chapter.5}% 306
\BOOKMARK [2][]{subsection.5.19.1}{\376\377\0005\000.\0001\0009\000.\0001\000\040\000D\000e\000f\000i\000n\000i\000t\000i\000o\000n}{section.5.19}% 307
\BOOKMARK [2][]{subsection.5.19.2}{\376\377\0005\000.\0001\0009\000.\0002\000\040\000D\000i\000s\000p\000a\000t\000c\000h\000\040\000L\000a\000t\000e\000n\000c\000y}{section.5.19}% 308
\BOOKMARK [1][]{section.5.20}{\376\377\0005\000.\0002\0000\000\040\000C\000o\000n\000t\000e\000x\000t\000\040\000S\000w\000i\000t\000c\000h\000\040\000I\000m\000p\000a\000c\000t}{chapter.5}% 309
\BOOKMARK [1][]{section.5.21}{\376\377\0005\000.\0002\0001\000\040\000S\000t\000a\000r\000v\000a\000t\000i\000o\000n}{chapter.5}% 310
\BOOKMARK [2][]{subsection.5.21.1}{\376\377\0005\000.\0002\0001\000.\0001\000\040\000D\000e\000f\000i\000n\000i\000t\000i\000o\000n}{section.5.21}% 311
\BOOKMARK [2][]{subsection.5.21.2}{\376\377\0005\000.\0002\0001\000.\0002\000\040\000C\000o\000m\000m\000o\000n\000\040\000I\000n}{section.5.21}% 312
\BOOKMARK [1][]{section.5.22}{\376\377\0005\000.\0002\0002\000\040\000A\000g\000i\000n\000g}{chapter.5}% 313
\BOOKMARK [2][]{subsection.5.22.1}{\376\377\0005\000.\0002\0002\000.\0001\000\040\000D\000e\000f\000i\000n\000i\000t\000i\000o\000n}{section.5.22}% 314
\BOOKMARK [2][]{subsection.5.22.2}{\376\377\0005\000.\0002\0002\000.\0002\000\040\000P\000u\000r\000p\000o\000s\000e}{section.5.22}% 315
\BOOKMARK [2][]{subsection.5.22.3}{\376\377\0005\000.\0002\0002\000.\0003\000\040\000E\000x\000a\000m\000p\000l\000e}{section.5.22}% 316
\BOOKMARK [1][]{section.5.23}{\376\377\0005\000.\0002\0003\000\040\000C\000o\000m\000p\000a\000r\000a\000t\000i\000v\000e\000\040\000S\000u\000m\000m\000a\000r\000y}{chapter.5}% 317
\BOOKMARK [1][]{section.5.24}{\376\377\0005\000.\0002\0004\000\040\000C\000o\000m\000m\000o\000n\000\040\000I\000n\000t\000e\000r\000v\000i\000e\000w\000\040\000T\000r\000a\000p\000s}{chapter.5}% 318
\BOOKMARK [1][]{section.5.25}{\376\377\0005\000.\0002\0005\000\040\000H\000o\000w\000\040\000t\000o\000\040\000S\000o\000l\000v\000e\000\040\000S\000c\000h\000e\000d\000u\000l\000i\000n\000g\000\040\000N\000u\000m\000e\000r\000i\000c\000a\000l\000s\000\040\000Q\000u\000i\000c\000k\000l\000y}{chapter.5}% 319
\BOOKMARK [2][]{subsection.5.25.1}{\376\377\0005\000.\0002\0005\000.\0001\000\040\000S\000t\000e\000p\000\040\0001}{section.5.25}% 320
\BOOKMARK [2][]{subsection.5.25.2}{\376\377\0005\000.\0002\0005\000.\0002\000\040\000S\000t\000e\000p\000\040\0002}{section.5.25}% 321
\BOOKMARK [2][]{subsection.5.25.3}{\376\377\0005\000.\0002\0005\000.\0003\000\040\000S\000t\000e\000p\000\040\0003}{section.5.25}% 322
\BOOKMARK [2][]{subsection.5.25.4}{\376\377\0005\000.\0002\0005\000.\0004\000\040\000S\000t\000e\000p\000\040\0004}{section.5.25}% 323
\BOOKMARK [2][]{subsection.5.25.5}{\376\377\0005\000.\0002\0005\000.\0005\000\040\000S\000t\000e\000p\000\040\0005}{section.5.25}% 324
\BOOKMARK [2][]{subsection.5.25.6}{\376\377\0005\000.\0002\0005\000.\0006\000\040\000G\000o\000l\000d\000e\000n\000\040\000I\000n\000t\000e\000r\000v\000i\000e\000w\000\040\000F\000o\000r\000m\000u\000l\000a}{section.5.25}% 325
\BOOKMARK [1][]{section.5.26}{\376\377\0005\000.\0002\0006\000\040\000K\000e\000y\000\040\000T\000a\000k\000e\000a\000w\000a\000y\000s}{chapter.5}% 326
\BOOKMARK [1][]{section.5.27}{\376\377\0005\000.\0002\0007\000\040\0002\0005\000\040\000I\000n\000t\000e\000r\000v\000i\000e\000w\000\040\000Q\000u\000e\000s\000t\000i\000o\000n\000s\000\040\000w\000i\000t\000h\000\040\000A\000n\000s\000w\000e\000r\000s}{chapter.5}% 327
\BOOKMARK [1][]{section.5.28}{\376\377\0005\000.\0002\0008\000\040\0002\0005\000\040\000M\000C\000Q\000s\000\040\000w\000i\000t\000h\000\040\000A\000n\000s\000w\000e\000r\000s}{chapter.5}% 328
\BOOKMARK [1][]{section.5.29}{\376\377\0005\000.\0002\0009\000\040\000R\000e\000v\000i\000s\000i\000o\000n\000\040\000N\000o\000t\000e\000s}{chapter.5}% 329
\BOOKMARK [1][]{section.5.30}{\376\377\0005\000.\0003\0000\000\040\000C\000h\000e\000a\000t\000\040\000S\000h\000e\000e\000t}{chapter.5}% 330
\BOOKMARK [-1][]{part.3}{\376\377\000I\000I\000I\000\040\000S\000y\000n\000c\000h\000r\000o\000n\000i\000z\000a\000t\000i\000o\000n}{}% 331
\BOOKMARK [0][]{chapter.6}{\376\377\0006\000\040\000T\000h\000e\000\040\000C\000r\000i\000t\000i\000c\000a\000l\000\040\000S\000e\000c\000t\000i\000o\000n\000\040\000P\000r\000o\000b\000l\000e\000m}{part.3}% 332
\BOOKMARK [1][]{section.6.1}{\376\377\0006\000.\0001\000\040\000I\000n\000t\000r\000o\000d\000u\000c\000t\000i\000o\000n\000\040\000t\000o\000\040\000C\000o\000n\000c\000u\000r\000r\000e\000n\000c\000y}{chapter.6}% 333
\BOOKMARK [2][]{subsection.6.1.1}{\376\377\0006\000.\0001\000.\0001\000\040\000C\000o\000n\000c\000u\000r\000r\000e\000n\000t\000\040\000E\000x\000e\000c\000u\000t\000i\000o\000n}{section.6.1}% 334
\BOOKMARK [1][]{section.6.2}{\376\377\0006\000.\0002\000\040\000S\000h\000a\000r\000e\000d\000\040\000R\000e\000s\000o\000u\000r\000c\000e\000s}{chapter.6}% 335
\BOOKMARK [2][]{subsection.6.2.1}{\376\377\0006\000.\0002\000.\0001\000\040\000S\000h\000a\000r\000e\000d\000\040\000C\000o\000u\000n\000t\000e\000r\000\040\000E\000x\000a\000m\000p\000l\000e}{section.6.2}% 336
\BOOKMARK [1][]{section.6.3}{\376\377\0006\000.\0003\000\040\000R\000a\000c\000e\000\040\000C\000o\000n\000d\000i\000t\000i\000o\000n\000s}{chapter.6}% 337
\BOOKMARK [2][]{subsection.6.3.1}{\376\377\0006\000.\0003\000.\0001\000\040\000E\000x\000a\000m\000p\000l\000e}{section.6.3}% 338
\BOOKMARK [2][]{subsection.6.3.2}{\376\377\0006\000.\0003\000.\0002\000\040\000E\000x\000e\000c\000u\000t\000i\000o\000n\000\040\000T\000i\000m\000e\000l\000i\000n\000e}{section.6.3}% 339
\BOOKMARK [1][]{section.6.4}{\376\377\0006\000.\0004\000\040\000C\000r\000i\000t\000i\000c\000a\000l\000\040\000S\000e\000c\000t\000i\000o\000n\000s}{chapter.6}% 340
\BOOKMARK [2][]{subsection.6.4.1}{\376\377\0006\000.\0004\000.\0001\000\040\000S\000t\000r\000u\000c\000t\000u\000r\000e}{section.6.4}% 341
\BOOKMARK [1][]{section.6.5}{\376\377\0006\000.\0005\000\040\000T\000h\000e\000\040\000C\000r\000i\000t\000i\000c\000a\000l\000\040\000S\000e\000c\000t\000i\000o\000n\000\040\000P\000r\000o\000b\000l\000e\000m}{chapter.6}% 342
\BOOKMARK [1][]{section.6.6}{\376\377\0006\000.\0006\000\040\000R\000e\000q\000u\000i\000r\000e\000m\000e\000n\000t\000s\000\040\000f\000o\000r\000\040\000a\000\040\000C\000o\000r\000r\000e\000c\000t\000\040\000S\000o\000l\000u\000t\000i\000o\000n}{chapter.6}% 343
\BOOKMARK [2][]{subsection.6.6.1}{\376\377\0006\000.\0006\000.\0001\000\040\000M\000u\000t\000u\000a\000l\000\040\000E\000x\000c\000l\000u\000s\000i\000o\000n}{section.6.6}% 344
\BOOKMARK [2][]{subsection.6.6.2}{\376\377\0006\000.\0006\000.\0002\000\040\000P\000r\000o\000g\000r\000e\000s\000s}{section.6.6}% 345
\BOOKMARK [2][]{subsection.6.6.3}{\376\377\0006\000.\0006\000.\0003\000\040\000B\000o\000u\000n\000d\000e\000d\000\040\000W\000a\000i\000t\000i\000n\000g}{section.6.6}% 346
\BOOKMARK [1][]{section.6.7}{\376\377\0006\000.\0007\000\040\000S\000o\000f\000t\000w\000a\000r\000e\000-\000B\000a\000s\000e\000d\000\040\000S\000o\000l\000u\000t\000i\000o\000n\000s}{chapter.6}% 347
\BOOKMARK [1][]{section.6.8}{\376\377\0006\000.\0008\000\040\000P\000e\000t\000e\000r\000s\000o\000n\000'\000s\000\040\000A\000l\000g\000o\000r\000i\000t\000h\000m}{chapter.6}% 348
\BOOKMARK [2][]{subsection.6.8.1}{\376\377\0006\000.\0008\000.\0001\000\040\000S\000h\000a\000r\000e\000d\000\040\000V\000a\000r\000i\000a\000b\000l\000e\000s}{section.6.8}% 349
\BOOKMARK [2][]{subsection.6.8.2}{\376\377\0006\000.\0008\000.\0002\000\040\000P\000r\000o\000c\000e\000s\000s\000\040\000i}{section.6.8}% 350
\BOOKMARK [2][]{subsection.6.8.3}{\376\377\0006\000.\0008\000.\0003\000\040\000W\000o\000r\000k\000i\000n\000g\000\040\000P\000r\000i\000n\000c\000i\000p\000l\000e}{section.6.8}% 351
\BOOKMARK [2][]{subsection.6.8.4}{\376\377\0006\000.\0008\000.\0004\000\040\000S\000t\000a\000t\000e\000\040\000D\000i\000a\000g\000r\000a\000m}{section.6.8}% 352
\BOOKMARK [2][]{subsection.6.8.5}{\376\377\0006\000.\0008\000.\0005\000\040\000I\000n\000t\000e\000r\000v\000i\000e\000w\000\040\000N\000o\000t\000e}{section.6.8}% 353
\BOOKMARK [1][]{section.6.9}{\376\377\0006\000.\0009\000\040\000B\000a\000k\000e\000r\000y\000\040\000A\000l\000g\000o\000r\000i\000t\000h\000m}{chapter.6}% 354
\BOOKMARK [2][]{subsection.6.9.1}{\376\377\0006\000.\0009\000.\0001\000\040\000I\000d\000e\000a}{section.6.9}% 355
\BOOKMARK [2][]{subsection.6.9.2}{\376\377\0006\000.\0009\000.\0002\000\040\000E\000x\000a\000m\000p\000l\000e}{section.6.9}% 356
\BOOKMARK [2][]{subsection.6.9.3}{\376\377\0006\000.\0009\000.\0003\000\040\000A\000d\000v\000a\000n\000t\000a\000g\000e\000s}{section.6.9}% 357
\BOOKMARK [1][]{section.6.10}{\376\377\0006\000.\0001\0000\000\040\000H\000a\000r\000d\000w\000a\000r\000e\000\040\000S\000u\000p\000p\000o\000r\000t\000\040\000f\000o\000r\000\040\000S\000y\000n\000c\000h\000r\000o\000n\000i\000z\000a\000t\000i\000o\000n}{chapter.6}% 358
\BOOKMARK [1][]{section.6.11}{\376\377\0006\000.\0001\0001\000\040\000A\000t\000o\000m\000i\000c\000\040\000O\000p\000e\000r\000a\000t\000i\000o\000n\000s}{chapter.6}% 359
\BOOKMARK [2][]{subsection.6.11.1}{\376\377\0006\000.\0001\0001\000.\0001\000\040\000A\000t\000o\000m\000i\000c\000i\000t\000y\000\040\000I\000l\000l\000u\000s\000t\000r\000a\000t\000i\000o\000n}{section.6.11}% 360
\BOOKMARK [1][]{section.6.12}{\376\377\0006\000.\0001\0002\000\040\000T\000e\000s\000t\000-\000a\000n\000d\000-\000S\000e\000t\000\040\000I\000n\000s\000t\000r\000u\000c\000t\000i\000o\000n}{chapter.6}% 361
\BOOKMARK [2][]{subsection.6.12.1}{\376\377\0006\000.\0001\0002\000.\0001\000\040\000P\000s\000e\000u\000d\000o\000\040\000C\000o\000d\000e}{section.6.12}% 362
\BOOKMARK [2][]{subsection.6.12.2}{\376\377\0006\000.\0001\0002\000.\0002\000\040\000S\000p\000i\000n\000l\000o\000c\000k\000\040\000E\000x\000a\000m\000p\000l\000e}{section.6.12}% 363
\BOOKMARK [1][]{section.6.13}{\376\377\0006\000.\0001\0003\000\040\000C\000o\000m\000p\000a\000r\000e\000-\000a\000n\000d\000-\000S\000w\000a\000p\000\040\000\050\000C\000A\000S\000\051}{chapter.6}% 364
\BOOKMARK [2][]{subsection.6.13.1}{\376\377\0006\000.\0001\0003\000.\0001\000\040\000P\000s\000e\000u\000d\000o\000\040\000C\000o\000d\000e}{section.6.13}% 365
\BOOKMARK [2][]{subsection.6.13.2}{\376\377\0006\000.\0001\0003\000.\0002\000\040\000E\000x\000a\000m\000p\000l\000e}{section.6.13}% 366
\BOOKMARK [1][]{section.6.14}{\376\377\0006\000.\0001\0004\000\040\000E\000x\000c\000h\000a\000n\000g\000e\000\040\000I\000n\000s\000t\000r\000u\000c\000t\000i\000o\000n}{chapter.6}% 367
\BOOKMARK [2][]{subsection.6.14.1}{\376\377\0006\000.\0001\0004\000.\0001\000\040\000P\000s\000e\000u\000d\000o\000\040\000C\000o\000d\000e}{section.6.14}% 368
\BOOKMARK [2][]{subsection.6.14.2}{\376\377\0006\000.\0001\0004\000.\0002\000\040\000U\000s\000e\000\040\000C\000a\000s\000e\000s}{section.6.14}% 369
\BOOKMARK [1][]{section.6.15}{\376\377\0006\000.\0001\0005\000\040\000S\000p\000i\000n\000l\000o\000c\000k\000s}{chapter.6}% 370
\BOOKMARK [2][]{subsection.6.15.1}{\376\377\0006\000.\0001\0005\000.\0001\000\040\000O\000p\000e\000r\000a\000t\000i\000o\000n}{section.6.15}% 371
\BOOKMARK [2][]{subsection.6.15.2}{\376\377\0006\000.\0001\0005\000.\0002\000\040\000V\000i\000s\000u\000a\000l\000i\000z\000a\000t\000i\000o\000n}{section.6.15}% 372
\BOOKMARK [2][]{subsection.6.15.3}{\376\377\0006\000.\0001\0005\000.\0003\000\040\000A\000d\000v\000a\000n\000t\000a\000g\000e\000s}{section.6.15}% 373
\BOOKMARK [2][]{subsection.6.15.4}{\376\377\0006\000.\0001\0005\000.\0004\000\040\000D\000i\000s\000a\000d\000v\000a\000n\000t\000a\000g\000e\000s}{section.6.15}% 374
\BOOKMARK [1][]{section.6.16}{\376\377\0006\000.\0001\0006\000\040\000M\000o\000d\000e\000r\000n\000\040\000C\000P\000U\000\040\000C\000h\000a\000l\000l\000e\000n\000g\000e\000s}{chapter.6}% 375
\BOOKMARK [1][]{section.6.17}{\376\377\0006\000.\0001\0007\000\040\000M\000e\000m\000o\000r\000y\000\040\000R\000e\000o\000r\000d\000e\000r\000i\000n\000g\000\040\000B\000a\000s\000i\000c\000s}{chapter.6}% 376
\BOOKMARK [2][]{subsection.6.17.1}{\376\377\0006\000.\0001\0007\000.\0001\000\040\000E\000x\000a\000m\000p\000l\000e}{section.6.17}% 377
\BOOKMARK [2][]{subsection.6.17.2}{\376\377\0006\000.\0001\0007\000.\0002\000\040\000M\000e\000m\000o\000r\000y\000\040\000I\000l\000l\000u\000s\000t\000r\000a\000t\000i\000o\000n}{section.6.17}% 378
\BOOKMARK [1][]{section.6.18}{\376\377\0006\000.\0001\0008\000\040\000R\000e\000a\000l\000-\000W\000o\000r\000l\000d\000\040\000R\000a\000c\000e\000\040\000C\000o\000n\000d\000i\000t\000i\000o\000n\000\040\000E\000x\000a\000m\000p\000l\000e\000s}{chapter.6}% 379
\BOOKMARK [2][]{subsection.6.18.1}{\376\377\0006\000.\0001\0008\000.\0001\000\040\000B\000a\000n\000k\000\040\000A\000c\000c\000o\000u\000n\000t\000\040\000U\000p\000d\000a\000t\000e}{section.6.18}% 380
\BOOKMARK [2][]{subsection.6.18.2}{\376\377\0006\000.\0001\0008\000.\0002\000\040\000I\000n\000v\000e\000n\000t\000o\000r\000y\000\040\000M\000a\000n\000a\000g\000e\000m\000e\000n\000t}{section.6.18}% 381
\BOOKMARK [2][]{subsection.6.18.3}{\376\377\0006\000.\0001\0008\000.\0003\000\040\000T\000i\000c\000k\000e\000t\000\040\000B\000o\000o\000k\000i\000n\000g}{section.6.18}% 382
\BOOKMARK [2][]{subsection.6.18.4}{\376\377\0006\000.\0001\0008\000.\0004\000\040\000W\000e\000b\000\040\000C\000o\000u\000n\000t\000e\000r}{section.6.18}% 383
\BOOKMARK [1][]{section.6.19}{\376\377\0006\000.\0001\0009\000\040\000I\000n\000t\000e\000r\000v\000i\000e\000w\000\040\000E\000x\000p\000l\000a\000n\000a\000t\000i\000o\000n\000s}{chapter.6}% 384
\BOOKMARK [2][]{subsection.6.19.1}{\376\377\0006\000.\0001\0009\000.\0001\000\040\000W\000h\000y\000\040\000i\000s\000\040\000t\000h\000e\000\040\000C\000r\000i\000t\000i\000c\000a\000l\000\040\000S\000e\000c\000t\000i\000o\000n\000\040\000P\000r\000o\000b\000l\000e\000m\000\040\000I\000m\000p\000o\000r\000t\000a\000n\000t\000?}{section.6.19}% 385
\BOOKMARK [2][]{subsection.6.19.2}{\376\377\0006\000.\0001\0009\000.\0002\000\040\000W\000h\000y\000\040\000I\000s\000n\000'\000t\000\040\000P\000e\000t\000e\000r\000s\000o\000n\000'\000s\000\040\000A\000l\000g\000o\000r\000i\000t\000h\000m\000\040\000U\000s\000e\000d\000\040\000i\000n\000\040\000P\000r\000a\000c\000t\000i\000c\000e\000?}{section.6.19}% 386
\BOOKMARK [2][]{subsection.6.19.3}{\376\377\0006\000.\0001\0009\000.\0003\000\040\000W\000h\000y\000\040\000I\000s\000\040\000C\000A\000S\000\040\000P\000o\000p\000u\000l\000a\000r\000?}{section.6.19}% 387
\BOOKMARK [2][]{subsection.6.19.4}{\376\377\0006\000.\0001\0009\000.\0004\000\040\000S\000p\000i\000n\000l\000o\000c\000k\000\040\000v\000s\000\040\000M\000u\000t\000e\000x}{section.6.19}% 388
\BOOKMARK [1][]{section.6.20}{\376\377\0006\000.\0002\0000\000\040\000C\000o\000m\000m\000o\000n\000\040\000M\000i\000s\000t\000a\000k\000e\000s}{chapter.6}% 389
\BOOKMARK [1][]{section.6.21}{\376\377\0006\000.\0002\0001\000\040\000K\000e\000y\000\040\000T\000a\000k\000e\000a\000w\000a\000y\000s}{chapter.6}% 390
\BOOKMARK [0][]{chapter.7}{\376\377\0007\000\040\000T\000h\000e\000\040\000C\000r\000i\000t\000i\000c\000a\000l\000\040\000S\000e\000c\000t\000i\000o\000n\000\040\000P\000r\000o\000b\000l\000e\000m}{part.3}% 391
\BOOKMARK [1][]{section.7.1}{\376\377\0007\000.\0001\000\040\000I\000n\000t\000r\000o\000d\000u\000c\000t\000i\000o\000n\000\040\000t\000o\000\040\000C\000o\000n\000c\000u\000r\000r\000e\000n\000c\000y}{chapter.7}% 392
\BOOKMARK [2][]{subsection.7.1.1}{\376\377\0007\000.\0001\000.\0001\000\040\000C\000o\000n\000c\000u\000r\000r\000e\000n\000t\000\040\000E\000x\000e\000c\000u\000t\000i\000o\000n}{section.7.1}% 393
\BOOKMARK [1][]{section.7.2}{\376\377\0007\000.\0002\000\040\000S\000h\000a\000r\000e\000d\000\040\000R\000e\000s\000o\000u\000r\000c\000e\000s}{chapter.7}% 394
\BOOKMARK [2][]{subsection.7.2.1}{\376\377\0007\000.\0002\000.\0001\000\040\000S\000h\000a\000r\000e\000d\000\040\000C\000o\000u\000n\000t\000e\000r\000\040\000E\000x\000a\000m\000p\000l\000e}{section.7.2}% 395
\BOOKMARK [1][]{section.7.3}{\376\377\0007\000.\0003\000\040\000R\000a\000c\000e\000\040\000C\000o\000n\000d\000i\000t\000i\000o\000n\000s}{chapter.7}% 396
\BOOKMARK [2][]{subsection.7.3.1}{\376\377\0007\000.\0003\000.\0001\000\040\000E\000x\000a\000m\000p\000l\000e}{section.7.3}% 397
\BOOKMARK [2][]{subsection.7.3.2}{\376\377\0007\000.\0003\000.\0002\000\040\000E\000x\000e\000c\000u\000t\000i\000o\000n\000\040\000T\000i\000m\000e\000l\000i\000n\000e}{section.7.3}% 398
\BOOKMARK [1][]{section.7.4}{\376\377\0007\000.\0004\000\040\000C\000r\000i\000t\000i\000c\000a\000l\000\040\000S\000e\000c\000t\000i\000o\000n\000s}{chapter.7}% 399
\BOOKMARK [2][]{subsection.7.4.1}{\376\377\0007\000.\0004\000.\0001\000\040\000S\000t\000r\000u\000c\000t\000u\000r\000e}{section.7.4}% 400
\BOOKMARK [1][]{section.7.5}{\376\377\0007\000.\0005\000\040\000T\000h\000e\000\040\000C\000r\000i\000t\000i\000c\000a\000l\000\040\000S\000e\000c\000t\000i\000o\000n\000\040\000P\000r\000o\000b\000l\000e\000m}{chapter.7}% 401
\BOOKMARK [1][]{section.7.6}{\376\377\0007\000.\0006\000\040\000R\000e\000q\000u\000i\000r\000e\000m\000e\000n\000t\000s\000\040\000f\000o\000r\000\040\000a\000\040\000C\000o\000r\000r\000e\000c\000t\000\040\000S\000o\000l\000u\000t\000i\000o\000n}{chapter.7}% 402
\BOOKMARK [2][]{subsection.7.6.1}{\376\377\0007\000.\0006\000.\0001\000\040\000M\000u\000t\000u\000a\000l\000\040\000E\000x\000c\000l\000u\000s\000i\000o\000n}{section.7.6}% 403
\BOOKMARK [2][]{subsection.7.6.2}{\376\377\0007\000.\0006\000.\0002\000\040\000P\000r\000o\000g\000r\000e\000s\000s}{section.7.6}% 404
\BOOKMARK [2][]{subsection.7.6.3}{\376\377\0007\000.\0006\000.\0003\000\040\000B\000o\000u\000n\000d\000e\000d\000\040\000W\000a\000i\000t\000i\000n\000g}{section.7.6}% 405
\BOOKMARK [1][]{section.7.7}{\376\377\0007\000.\0007\000\040\000S\000o\000f\000t\000w\000a\000r\000e\000-\000B\000a\000s\000e\000d\000\040\000S\000o\000l\000u\000t\000i\000o\000n\000s}{chapter.7}% 406
\BOOKMARK [1][]{section.7.8}{\376\377\0007\000.\0008\000\040\000P\000e\000t\000e\000r\000s\000o\000n\000'\000s\000\040\000A\000l\000g\000o\000r\000i\000t\000h\000m}{chapter.7}% 407
\BOOKMARK [2][]{subsection.7.8.1}{\376\377\0007\000.\0008\000.\0001\000\040\000S\000h\000a\000r\000e\000d\000\040\000V\000a\000r\000i\000a\000b\000l\000e\000s}{section.7.8}% 408
\BOOKMARK [2][]{subsection.7.8.2}{\376\377\0007\000.\0008\000.\0002\000\040\000P\000r\000o\000c\000e\000s\000s\000\040\000i}{section.7.8}% 409
\BOOKMARK [2][]{subsection.7.8.3}{\376\377\0007\000.\0008\000.\0003\000\040\000W\000o\000r\000k\000i\000n\000g\000\040\000P\000r\000i\000n\000c\000i\000p\000l\000e}{section.7.8}% 410
\BOOKMARK [2][]{subsection.7.8.4}{\376\377\0007\000.\0008\000.\0004\000\040\000S\000t\000a\000t\000e\000\040\000D\000i\000a\000g\000r\000a\000m}{section.7.8}% 411
\BOOKMARK [2][]{subsection.7.8.5}{\376\377\0007\000.\0008\000.\0005\000\040\000I\000n\000t\000e\000r\000v\000i\000e\000w\000\040\000N\000o\000t\000e}{section.7.8}% 412
\BOOKMARK [1][]{section.7.9}{\376\377\0007\000.\0009\000\040\000B\000a\000k\000e\000r\000y\000\040\000A\000l\000g\000o\000r\000i\000t\000h\000m}{chapter.7}% 413
\BOOKMARK [2][]{subsection.7.9.1}{\376\377\0007\000.\0009\000.\0001\000\040\000I\000d\000e\000a}{section.7.9}% 414
\BOOKMARK [2][]{subsection.7.9.2}{\376\377\0007\000.\0009\000.\0002\000\040\000E\000x\000a\000m\000p\000l\000e}{section.7.9}% 415
\BOOKMARK [2][]{subsection.7.9.3}{\376\377\0007\000.\0009\000.\0003\000\040\000A\000d\000v\000a\000n\000t\000a\000g\000e\000s}{section.7.9}% 416
\BOOKMARK [1][]{section.7.10}{\376\377\0007\000.\0001\0000\000\040\000H\000a\000r\000d\000w\000a\000r\000e\000\040\000S\000u\000p\000p\000o\000r\000t\000\040\000f\000o\000r\000\040\000S\000y\000n\000c\000h\000r\000o\000n\000i\000z\000a\000t\000i\000o\000n}{chapter.7}% 417
\BOOKMARK [1][]{section.7.11}{\376\377\0007\000.\0001\0001\000\040\000A\000t\000o\000m\000i\000c\000\040\000O\000p\000e\000r\000a\000t\000i\000o\000n\000s}{chapter.7}% 418
\BOOKMARK [2][]{subsection.7.11.1}{\376\377\0007\000.\0001\0001\000.\0001\000\040\000A\000t\000o\000m\000i\000c\000i\000t\000y\000\040\000I\000l\000l\000u\000s\000t\000r\000a\000t\000i\000o\000n}{section.7.11}% 419
\BOOKMARK [1][]{section.7.12}{\376\377\0007\000.\0001\0002\000\040\000T\000e\000s\000t\000-\000a\000n\000d\000-\000S\000e\000t\000\040\000I\000n\000s\000t\000r\000u\000c\000t\000i\000o\000n}{chapter.7}% 420
\BOOKMARK [2][]{subsection.7.12.1}{\376\377\0007\000.\0001\0002\000.\0001\000\040\000P\000s\000e\000u\000d\000o\000\040\000C\000o\000d\000e}{section.7.12}% 421
\BOOKMARK [2][]{subsection.7.12.2}{\376\377\0007\000.\0001\0002\000.\0002\000\040\000S\000p\000i\000n\000l\000o\000c\000k\000\040\000E\000x\000a\000m\000p\000l\000e}{section.7.12}% 422
\BOOKMARK [1][]{section.7.13}{\376\377\0007\000.\0001\0003\000\040\000C\000o\000m\000p\000a\000r\000e\000-\000a\000n\000d\000-\000S\000w\000a\000p\000\040\000\050\000C\000A\000S\000\051}{chapter.7}% 423
\BOOKMARK [2][]{subsection.7.13.1}{\376\377\0007\000.\0001\0003\000.\0001\000\040\000P\000s\000e\000u\000d\000o\000\040\000C\000o\000d\000e}{section.7.13}% 424
\BOOKMARK [2][]{subsection.7.13.2}{\376\377\0007\000.\0001\0003\000.\0002\000\040\000E\000x\000a\000m\000p\000l\000e}{section.7.13}% 425
\BOOKMARK [1][]{section.7.14}{\376\377\0007\000.\0001\0004\000\040\000E\000x\000c\000h\000a\000n\000g\000e\000\040\000I\000n\000s\000t\000r\000u\000c\000t\000i\000o\000n}{chapter.7}% 426
\BOOKMARK [2][]{subsection.7.14.1}{\376\377\0007\000.\0001\0004\000.\0001\000\040\000P\000s\000e\000u\000d\000o\000\040\000C\000o\000d\000e}{section.7.14}% 427
\BOOKMARK [2][]{subsection.7.14.2}{\376\377\0007\000.\0001\0004\000.\0002\000\040\000U\000s\000e\000\040\000C\000a\000s\000e\000s}{section.7.14}% 428
\BOOKMARK [1][]{section.7.15}{\376\377\0007\000.\0001\0005\000\040\000S\000p\000i\000n\000l\000o\000c\000k\000s}{chapter.7}% 429
\BOOKMARK [2][]{subsection.7.15.1}{\376\377\0007\000.\0001\0005\000.\0001\000\040\000O\000p\000e\000r\000a\000t\000i\000o\000n}{section.7.15}% 430
\BOOKMARK [2][]{subsection.7.15.2}{\376\377\0007\000.\0001\0005\000.\0002\000\040\000V\000i\000s\000u\000a\000l\000i\000z\000a\000t\000i\000o\000n}{section.7.15}% 431
\BOOKMARK [2][]{subsection.7.15.3}{\376\377\0007\000.\0001\0005\000.\0003\000\040\000A\000d\000v\000a\000n\000t\000a\000g\000e\000s}{section.7.15}% 432
\BOOKMARK [2][]{subsection.7.15.4}{\376\377\0007\000.\0001\0005\000.\0004\000\040\000D\000i\000s\000a\000d\000v\000a\000n\000t\000a\000g\000e\000s}{section.7.15}% 433
\BOOKMARK [1][]{section.7.16}{\376\377\0007\000.\0001\0006\000\040\000M\000o\000d\000e\000r\000n\000\040\000C\000P\000U\000\040\000C\000h\000a\000l\000l\000e\000n\000g\000e\000s}{chapter.7}% 434
\BOOKMARK [1][]{section.7.17}{\376\377\0007\000.\0001\0007\000\040\000M\000e\000m\000o\000r\000y\000\040\000R\000e\000o\000r\000d\000e\000r\000i\000n\000g\000\040\000B\000a\000s\000i\000c\000s}{chapter.7}% 435
\BOOKMARK [2][]{subsection.7.17.1}{\376\377\0007\000.\0001\0007\000.\0001\000\040\000E\000x\000a\000m\000p\000l\000e}{section.7.17}% 436
\BOOKMARK [2][]{subsection.7.17.2}{\376\377\0007\000.\0001\0007\000.\0002\000\040\000M\000e\000m\000o\000r\000y\000\040\000I\000l\000l\000u\000s\000t\000r\000a\000t\000i\000o\000n}{section.7.17}% 437
\BOOKMARK [1][]{section.7.18}{\376\377\0007\000.\0001\0008\000\040\000R\000e\000a\000l\000-\000W\000o\000r\000l\000d\000\040\000R\000a\000c\000e\000\040\000C\000o\000n\000d\000i\000t\000i\000o\000n\000\040\000E\000x\000a\000m\000p\000l\000e\000s}{chapter.7}% 438
\BOOKMARK [2][]{subsection.7.18.1}{\376\377\0007\000.\0001\0008\000.\0001\000\040\000B\000a\000n\000k\000\040\000A\000c\000c\000o\000u\000n\000t\000\040\000U\000p\000d\000a\000t\000e}{section.7.18}% 439
\BOOKMARK [2][]{subsection.7.18.2}{\376\377\0007\000.\0001\0008\000.\0002\000\040\000I\000n\000v\000e\000n\000t\000o\000r\000y\000\040\000M\000a\000n\000a\000g\000e\000m\000e\000n\000t}{section.7.18}% 440
\BOOKMARK [2][]{subsection.7.18.3}{\376\377\0007\000.\0001\0008\000.\0003\000\040\000T\000i\000c\000k\000e\000t\000\040\000B\000o\000o\000k\000i\000n\000g}{section.7.18}% 441
\BOOKMARK [2][]{subsection.7.18.4}{\376\377\0007\000.\0001\0008\000.\0004\000\040\000W\000e\000b\000\040\000C\000o\000u\000n\000t\000e\000r}{section.7.18}% 442
\BOOKMARK [1][]{section.7.19}{\376\377\0007\000.\0001\0009\000\040\000I\000n\000t\000e\000r\000v\000i\000e\000w\000\040\000E\000x\000p\000l\000a\000n\000a\000t\000i\000o\000n\000s}{chapter.7}% 443
\BOOKMARK [2][]{subsection.7.19.1}{\376\377\0007\000.\0001\0009\000.\0001\000\040\000W\000h\000y\000\040\000i\000s\000\040\000t\000h\000e\000\040\000C\000r\000i\000t\000i\000c\000a\000l\000\040\000S\000e\000c\000t\000i\000o\000n\000\040\000P\000r\000o\000b\000l\000e\000m\000\040\000I\000m\000p\000o\000r\000t\000a\000n\000t\000?}{section.7.19}% 444
\BOOKMARK [2][]{subsection.7.19.2}{\376\377\0007\000.\0001\0009\000.\0002\000\040\000W\000h\000y\000\040\000I\000s\000n\000'\000t\000\040\000P\000e\000t\000e\000r\000s\000o\000n\000'\000s\000\040\000A\000l\000g\000o\000r\000i\000t\000h\000m\000\040\000U\000s\000e\000d\000\040\000i\000n\000\040\000P\000r\000a\000c\000t\000i\000c\000e\000?}{section.7.19}% 445
\BOOKMARK [2][]{subsection.7.19.3}{\376\377\0007\000.\0001\0009\000.\0003\000\040\000W\000h\000y\000\040\000I\000s\000\040\000C\000A\000S\000\040\000P\000o\000p\000u\000l\000a\000r\000?}{section.7.19}% 446
\BOOKMARK [2][]{subsection.7.19.4}{\376\377\0007\000.\0001\0009\000.\0004\000\040\000S\000p\000i\000n\000l\000o\000c\000k\000\040\000v\000s\000\040\000M\000u\000t\000e\000x}{section.7.19}% 447
\BOOKMARK [1][]{section.7.20}{\376\377\0007\000.\0002\0000\000\040\000C\000o\000m\000m\000o\000n\000\040\000M\000i\000s\000t\000a\000k\000e\000s}{chapter.7}% 448
\BOOKMARK [1][]{section.7.21}{\376\377\0007\000.\0002\0001\000\040\000K\000e\000y\000\040\000T\000a\000k\000e\000a\000w\000a\000y\000s}{chapter.7}% 449
\BOOKMARK [-1][]{part.4}{\376\377\000I\000V\000\040\000D\000e\000a\000d\000l\000o\000c\000k\000s}{}% 450
\BOOKMARK [-1][]{part.5}{\376\377\000V\000\040\000M\000e\000m\000o\000r\000y\000\040\000M\000a\000n\000a\000g\000e\000m\000e\000n\000t}{}% 451
\BOOKMARK [-1][]{part.6}{\376\377\000V\000I\000\040\000F\000i\000l\000e\000\040\000S\000y\000s\000t\000e\000m\000s}{}% 452
\BOOKMARK [-1][]{part.7}{\376\377\000V\000I\000I\000\040\000I\000n\000p\000u\000t\000/\000O\000u\000t\000p\000u\000t\000\040\000S\000y\000s\000t\000e\000m\000s}{}% 453
\BOOKMARK [-1][]{part.8}{\376\377\000V\000I\000I\000I\000\040\000M\000o\000d\000e\000r\000n\000\040\000O\000p\000e\000r\000a\000t\000i\000n\000g\000\040\000S\000y\000s\000t\000e\000m\000s}{}% 454
\BOOKMARK [-1][]{part.9}{\376\377\000I\000X\000\040\000O\000p\000e\000r\000a\000t\000i\000n\000g\000\040\000S\000y\000s\000t\000e\000m\000s\000\040\000f\000o\000r\000\040\000S\000y\000s\000t\000e\000m\000\040\000D\000e\000s\000i\000g\000n}{}% 455
\BOOKMARK [-1][]{part.10}{\376\377\000X\000\040\000I\000n\000t\000e\000r\000v\000i\000e\000w\000\040\000M\000a\000s\000t\000e\000r\000y}{}% 456
